<?xml version="1.0" encoding="UTF-8"?>
<!-- Generated by org.testng.reporters.JUnitXMLReporter -->
<testsuite ignored="6" hostname="DESKTOP-EROT39V" failures="0" tests="8" name="API + UI Test Execution" time="9.134" errors="0" timestamp="2025-05-21T22:37:12 IST">
  <testcase classname="apis.CreateUserTest" name="createUserNegative" time="1.697"/>
  <testcase classname="apis.CreateUserTest" name="createUserPositive" time="0.999"/>
  <testcase classname="apis.GetUserByNameTest" name="getUserNegative" time="1.025"/>
  <testcase classname="apis.GetUserByNameTest" name="getUserPositive" time="1.175"/>
  <testcase classname="apis.UpdateUserTest" name="updateUserNegative" time="1.012"/>
  <testcase classname="apis.UpdateUserTest" name="updateUserPositive" time="1.004"/>
  <testcase classname="apis.DeleteUserTest" name="deleteUserNegative" time="1.079"/>
  <testcase classname="apis.DeleteUserTest" name="deleteUserPositive" time="1.072"/>
  <testcase classname="base.BaseTest" name="@AfterSuite tearDown" time="0.0">
    <ignored/>
  </testcase> <!-- @AfterSuite tearDown -->
  <testcase classname="base.BaseTest" name="@BeforeSuite setup" time="0.0">
    <ignored/>
  </testcase> <!-- @BeforeSuite setup -->
  <testcase classname="base.BaseTest" name="@BeforeSuite setup" time="0.0">
    <ignored/>
  </testcase> <!-- @BeforeSuite setup -->
  <testcase classname="base.BaseTest" name="@AfterSuite tearDown" time="0.0">
    <ignored/>
  </testcase> <!-- @AfterSuite tearDown -->
  <testcase classname="base.BaseTest" name="@BeforeSuite setup" time="0.0">
    <ignored/>
  </testcase> <!-- @BeforeSuite setup -->
  <testcase classname="base.BaseTest" name="@AfterSuite tearDown" time="0.0">
    <ignored/>
  </testcase> <!-- @AfterSuite tearDown -->
</testsuite> <!-- API + UI Test Execution -->
