<?xml version="1.0" encoding="UTF-8"?>
<!-- Generated by org.testng.reporters.JUnitXMLReporter -->
<testsuite ignored="8" hostname="DESKTOP-EROT39V" failures="4" tests="12" name="API Tests" time="28.86" errors="0" timestamp="2025-05-21T20:46:03 IST">
  <testcase classname="apis.CreateUserTest" name="createUserNegative" time="1.715"/>
  <testcase classname="apis.CreateUserTest" name="createUserPositive" time="1.043"/>
  <testcase classname="apis.GetUserByNameTest" name="getUserNegative" time="1.173"/>
  <testcase classname="apis.GetUserByNameTest" name="getUserPositive" time="1.07"/>
  <testcase classname="apis.UpdateUserTest" name="updateUserNegative" time="1.131"/>
  <testcase classname="apis.UpdateUserTest" name="updateUserPositive" time="1.117"/>
  <testcase classname="apis.DeleteUserTest" name="deleteUserNegative" time="1.178"/>
  <testcase classname="apis.DeleteUserTest" name="deleteUserPositive" time="1.021"/>
  <testcase classname="ui.SwaggerUITest" name="testCreateUserFromUI" time="4.658">
    <failure type="com.microsoft.playwright.PlaywrightException" message="Error {
  message=&amp;apos;Error: strict mode violation: locator(&amp;quot;#operations-user-createUser button&amp;quot;) resolved to 2 elements:
    1) &amp;lt;button aria-expanded=&amp;quot;false&amp;quot; class=&amp;quot;opblock-summary-con…&amp;gt;…&amp;lt;/button&amp;gt; aka getByRole(AriaRole.BUTTON, new Page.GetByRoleOptions().setName(&amp;quot;POST /user Create user&amp;quot;))
    2) &amp;lt;button tabindex=&amp;quot;-1&amp;quot; aria-expanded=&amp;quot;false&amp;quot; aria-label=&amp;quot;…&amp;gt;…&amp;lt;/button&amp;gt; aka getByLabel(&amp;quot;post /user&amp;quot;, new Page.GetByLabelOptions().setExact(true))

  name=&amp;apos;Error
  stack=&amp;apos;Error: Error: strict mode violation: locator(&amp;quot;#operations-user-createUser button&amp;quot;) resolved to 2 elements:
    1) &amp;lt;button aria-expanded=&amp;quot;false&amp;quot; class=&amp;quot;opblock-summary-con…&amp;gt;…&amp;lt;/button&amp;gt; aka getByRole(AriaRole.BUTTON, new Page.GetByRoleOptions().setName(&amp;quot;POST /user Create user&amp;quot;))
    2) &amp;lt;button tabindex=&amp;quot;-1&amp;quot; aria-expanded=&amp;quot;false&amp;quot; aria-label=&amp;quot;…&amp;gt;…&amp;lt;/button&amp;gt; aka getByLabel(&amp;quot;post /user&amp;quot;, new Page.GetByLabelOptions().setExact(true))

    at CRExecutionContext.evaluateWithArguments (C:\Users\Neha\AppData\Local\Temp\playwright-java-1013749723035042582\package\lib\server\chromium\crExecutionContext.js:92:33)
    at async LongStandingScope._race (C:\Users\Neha\AppData\Local\Temp\playwright-java-1013749723035042582\package\lib\utils\manualPromise.js:96:14)
    at async evaluateExpression (C:\Users\Neha\AppData\Local\Temp\playwright-java-1013749723035042582\package\lib\server\javascript.js:241:12)
    at async C:\Users\Neha\AppData\Local\Temp\playwright-java-1013749723035042582\package\lib\server\frames.js:942:22
    at async Frame.retryWithProgressAndTimeouts (C:\Users\Neha\AppData\Local\Temp\playwright-java-1013749723035042582\package\lib\server\frames.js:912:24)
    at async C:\Users\Neha\AppData\Local\Temp\playwright-java-1013749723035042582\package\lib\server\frames.js:997:29
    at async ProgressController.run (C:\Users\Neha\AppData\Local\Temp\playwright-java-1013749723035042582\package\lib\server\progress.js:82:22)
    at async FrameDispatcher.click (C:\Users\Neha\AppData\Local\Temp\playwright-java-1013749723035042582\package\lib\server\dispatchers\frameDispatcher.js:158:12)
    at async LongStandingScope._race (C:\Users\Neha\AppData\Local\Temp\playwright-java-1013749723035042582\package\lib\utils\manualPromise.js:96:14)
    at async FrameDispatcher._handleCommand (C:\Users\Neha\AppData\Local\Temp\playwright-java-1013749723035042582\package\lib\server\dispatchers\dispatcher.js:96:14)
}
Call log:
- waiting for locator(&amp;quot;#operations-user-createUser button&amp;quot;)
">
      <![CDATA[com.microsoft.playwright.PlaywrightException: Error {
  message='Error: strict mode violation: locator("#operations-user-createUser button") resolved to 2 elements:
    1) <button aria-expanded="false" class="opblock-summary-con…>…</button> aka getByRole(AriaRole.BUTTON, new Page.GetByRoleOptions().setName("POST /user Create user"))
    2) <button tabindex="-1" aria-expanded="false" aria-label="…>…</button> aka getByLabel("post /user", new Page.GetByLabelOptions().setExact(true))

  name='Error
  stack='Error: Error: strict mode violation: locator("#operations-user-createUser button") resolved to 2 elements:
    1) <button aria-expanded="false" class="opblock-summary-con…>…</button> aka getByRole(AriaRole.BUTTON, new Page.GetByRoleOptions().setName("POST /user Create user"))
    2) <button tabindex="-1" aria-expanded="false" aria-label="…>…</button> aka getByLabel("post /user", new Page.GetByLabelOptions().setExact(true))

    at CRExecutionContext.evaluateWithArguments (C:\Users\Neha\AppData\Local\Temp\playwright-java-1013749723035042582\package\lib\server\chromium\crExecutionContext.js:92:33)
    at async LongStandingScope._race (C:\Users\Neha\AppData\Local\Temp\playwright-java-1013749723035042582\package\lib\utils\manualPromise.js:96:14)
    at async evaluateExpression (C:\Users\Neha\AppData\Local\Temp\playwright-java-1013749723035042582\package\lib\server\javascript.js:241:12)
    at async C:\Users\Neha\AppData\Local\Temp\playwright-java-1013749723035042582\package\lib\server\frames.js:942:22
    at async Frame.retryWithProgressAndTimeouts (C:\Users\Neha\AppData\Local\Temp\playwright-java-1013749723035042582\package\lib\server\frames.js:912:24)
    at async C:\Users\Neha\AppData\Local\Temp\playwright-java-1013749723035042582\package\lib\server\frames.js:997:29
    at async ProgressController.run (C:\Users\Neha\AppData\Local\Temp\playwright-java-1013749723035042582\package\lib\server\progress.js:82:22)
    at async FrameDispatcher.click (C:\Users\Neha\AppData\Local\Temp\playwright-java-1013749723035042582\package\lib\server\dispatchers\frameDispatcher.js:158:12)
    at async LongStandingScope._race (C:\Users\Neha\AppData\Local\Temp\playwright-java-1013749723035042582\package\lib\utils\manualPromise.js:96:14)
    at async FrameDispatcher._handleCommand (C:\Users\Neha\AppData\Local\Temp\playwright-java-1013749723035042582\package\lib\server\dispatchers\dispatcher.js:96:14)
}
Call log:
- waiting for locator("#operations-user-createUser button")

at com.microsoft.playwright.impl.WaitableResult.get(WaitableResult.java:54)
at com.microsoft.playwright.impl.ChannelOwner.runUntil(ChannelOwner.java:120)
at com.microsoft.playwright.impl.Connection.sendMessage(Connection.java:130)
at com.microsoft.playwright.impl.ChannelOwner.sendMessage(ChannelOwner.java:106)
at com.microsoft.playwright.impl.FrameImpl.clickImpl(FrameImpl.java:252)
at com.microsoft.playwright.impl.FrameImpl.lambda$click$8(FrameImpl.java:243)
at com.microsoft.playwright.impl.LoggingSupport.lambda$withLogging$0(LoggingSupport.java:36)
at com.microsoft.playwright.impl.LoggingSupport.withLogging(LoggingSupport.java:47)
at com.microsoft.playwright.impl.ChannelOwner.withLogging(ChannelOwner.java:89)
at com.microsoft.playwright.impl.LoggingSupport.withLogging(LoggingSupport.java:35)
at com.microsoft.playwright.impl.FrameImpl.click(FrameImpl.java:243)
at com.microsoft.playwright.impl.LocatorImpl.click(LocatorImpl.java:156)
at com.microsoft.playwright.Locator.click(Locator.java:2387)
at ui.SwaggerUITest.testCreateUserFromUI(SwaggerUITest.java:23)
at java.base/java.util.ArrayList.forEach(ArrayList.java:1597)
Caused by: com.microsoft.playwright.impl.DriverException: Error {
  message='Error: strict mode violation: locator("#operations-user-createUser button") resolved to 2 elements:
    1) <button aria-expanded="false" class="opblock-summary-con…>…</button> aka getByRole(AriaRole.BUTTON, new Page.GetByRoleOptions().setName("POST /user Create user"))
    2) <button tabindex="-1" aria-expanded="false" aria-label="…>…</button> aka getByLabel("post /user", new Page.GetByLabelOptions().setExact(true))

  name='Error
  stack='Error: Error: strict mode violation: locator("#operations-user-createUser button") resolved to 2 elements:
    1) <button aria-expanded="false" class="opblock-summary-con…>…</button> aka getByRole(AriaRole.BUTTON, new Page.GetByRoleOptions().setName("POST /user Create user"))
    2) <button tabindex="-1" aria-expanded="false" aria-label="…>…</button> aka getByLabel("post /user", new Page.GetByLabelOptions().setExact(true))

    at CRExecutionContext.evaluateWithArguments (C:\Users\Neha\AppData\Local\Temp\playwright-java-1013749723035042582\package\lib\server\chromium\crExecutionContext.js:92:33)
    at async LongStandingScope._race (C:\Users\Neha\AppData\Local\Temp\playwright-java-1013749723035042582\package\lib\utils\manualPromise.js:96:14)
    at async evaluateExpression (C:\Users\Neha\AppData\Local\Temp\playwright-java-1013749723035042582\package\lib\server\javascript.js:241:12)
    at async C:\Users\Neha\AppData\Local\Temp\playwright-java-1013749723035042582\package\lib\server\frames.js:942:22
    at async Frame.retryWithProgressAndTimeouts (C:\Users\Neha\AppData\Local\Temp\playwright-java-1013749723035042582\package\lib\server\frames.js:912:24)
    at async C:\Users\Neha\AppData\Local\Temp\playwright-java-1013749723035042582\package\lib\server\frames.js:997:29
    at async ProgressController.run (C:\Users\Neha\AppData\Local\Temp\playwright-java-1013749723035042582\package\lib\server\progress.js:82:22)
    at async FrameDispatcher.click (C:\Users\Neha\AppData\Local\Temp\playwright-java-1013749723035042582\package\lib\server\dispatchers\frameDispatcher.js:158:12)
    at async LongStandingScope._race (C:\Users\Neha\AppData\Local\Temp\playwright-java-1013749723035042582\package\lib\utils\manualPromise.js:96:14)
    at async FrameDispatcher._handleCommand (C:\Users\Neha\AppData\Local\Temp\playwright-java-1013749723035042582\package\lib\server\dispatchers\dispatcher.js:96:14)
}
Call log:
- waiting for locator("#operations-user-createUser button")

at com.microsoft.playwright.impl.Connection.dispatch(Connection.java:259)
at com.microsoft.playwright.impl.Connection.processOneMessage(Connection.java:211)
at com.microsoft.playwright.impl.ChannelOwner.runUntil(ChannelOwner.java:118)
... 38 more
... Removed 25 stack frames]]>
    </failure>
  </testcase> <!-- testCreateUserFromUI -->
  <testcase classname="ui.SwaggerUITest" name="testGetUserByNameFromUI" time="4.228">
    <failure type="com.microsoft.playwright.PlaywrightException" message="Error {
  message=&amp;apos;Error: strict mode violation: locator(&amp;quot;#operations-user-getUserByName button&amp;quot;) resolved to 2 elements:
    1) &amp;lt;button aria-expanded=&amp;quot;false&amp;quot; class=&amp;quot;opblock-summary-con…&amp;gt;…&amp;lt;/button&amp;gt; aka getByRole(AriaRole.BUTTON, new Page.GetByRoleOptions().setName(&amp;quot;GET /user/{username} Get user&amp;quot;))
    2) &amp;lt;button tabindex=&amp;quot;-1&amp;quot; aria-expanded=&amp;quot;false&amp;quot; class=&amp;quot;opblo…&amp;gt;…&amp;lt;/button&amp;gt; aka getByLabel(&amp;quot;get /user/{username}&amp;quot;)

  name=&amp;apos;Error
  stack=&amp;apos;Error: Error: strict mode violation: locator(&amp;quot;#operations-user-getUserByName button&amp;quot;) resolved to 2 elements:
    1) &amp;lt;button aria-expanded=&amp;quot;false&amp;quot; class=&amp;quot;opblock-summary-con…&amp;gt;…&amp;lt;/button&amp;gt; aka getByRole(AriaRole.BUTTON, new Page.GetByRoleOptions().setName(&amp;quot;GET /user/{username} Get user&amp;quot;))
    2) &amp;lt;button tabindex=&amp;quot;-1&amp;quot; aria-expanded=&amp;quot;false&amp;quot; class=&amp;quot;opblo…&amp;gt;…&amp;lt;/button&amp;gt; aka getByLabel(&amp;quot;get /user/{username}&amp;quot;)

    at CRExecutionContext.evaluateWithArguments (C:\Users\Neha\AppData\Local\Temp\playwright-java-1013749723035042582\package\lib\server\chromium\crExecutionContext.js:92:33)
    at async LongStandingScope._race (C:\Users\Neha\AppData\Local\Temp\playwright-java-1013749723035042582\package\lib\utils\manualPromise.js:96:14)
    at async evaluateExpression (C:\Users\Neha\AppData\Local\Temp\playwright-java-1013749723035042582\package\lib\server\javascript.js:241:12)
    at async C:\Users\Neha\AppData\Local\Temp\playwright-java-1013749723035042582\package\lib\server\frames.js:942:22
    at async Frame.retryWithProgressAndTimeouts (C:\Users\Neha\AppData\Local\Temp\playwright-java-1013749723035042582\package\lib\server\frames.js:912:24)
    at async C:\Users\Neha\AppData\Local\Temp\playwright-java-1013749723035042582\package\lib\server\frames.js:997:29
    at async ProgressController.run (C:\Users\Neha\AppData\Local\Temp\playwright-java-1013749723035042582\package\lib\server\progress.js:82:22)
    at async FrameDispatcher.click (C:\Users\Neha\AppData\Local\Temp\playwright-java-1013749723035042582\package\lib\server\dispatchers\frameDispatcher.js:158:12)
    at async LongStandingScope._race (C:\Users\Neha\AppData\Local\Temp\playwright-java-1013749723035042582\package\lib\utils\manualPromise.js:96:14)
    at async FrameDispatcher._handleCommand (C:\Users\Neha\AppData\Local\Temp\playwright-java-1013749723035042582\package\lib\server\dispatchers\dispatcher.js:96:14)
}
Call log:
- waiting for locator(&amp;quot;#operations-user-getUserByName button&amp;quot;)
">
      <![CDATA[com.microsoft.playwright.PlaywrightException: Error {
  message='Error: strict mode violation: locator("#operations-user-getUserByName button") resolved to 2 elements:
    1) <button aria-expanded="false" class="opblock-summary-con…>…</button> aka getByRole(AriaRole.BUTTON, new Page.GetByRoleOptions().setName("GET /user/{username} Get user"))
    2) <button tabindex="-1" aria-expanded="false" class="opblo…>…</button> aka getByLabel("get /user/{username}")

  name='Error
  stack='Error: Error: strict mode violation: locator("#operations-user-getUserByName button") resolved to 2 elements:
    1) <button aria-expanded="false" class="opblock-summary-con…>…</button> aka getByRole(AriaRole.BUTTON, new Page.GetByRoleOptions().setName("GET /user/{username} Get user"))
    2) <button tabindex="-1" aria-expanded="false" class="opblo…>…</button> aka getByLabel("get /user/{username}")

    at CRExecutionContext.evaluateWithArguments (C:\Users\Neha\AppData\Local\Temp\playwright-java-1013749723035042582\package\lib\server\chromium\crExecutionContext.js:92:33)
    at async LongStandingScope._race (C:\Users\Neha\AppData\Local\Temp\playwright-java-1013749723035042582\package\lib\utils\manualPromise.js:96:14)
    at async evaluateExpression (C:\Users\Neha\AppData\Local\Temp\playwright-java-1013749723035042582\package\lib\server\javascript.js:241:12)
    at async C:\Users\Neha\AppData\Local\Temp\playwright-java-1013749723035042582\package\lib\server\frames.js:942:22
    at async Frame.retryWithProgressAndTimeouts (C:\Users\Neha\AppData\Local\Temp\playwright-java-1013749723035042582\package\lib\server\frames.js:912:24)
    at async C:\Users\Neha\AppData\Local\Temp\playwright-java-1013749723035042582\package\lib\server\frames.js:997:29
    at async ProgressController.run (C:\Users\Neha\AppData\Local\Temp\playwright-java-1013749723035042582\package\lib\server\progress.js:82:22)
    at async FrameDispatcher.click (C:\Users\Neha\AppData\Local\Temp\playwright-java-1013749723035042582\package\lib\server\dispatchers\frameDispatcher.js:158:12)
    at async LongStandingScope._race (C:\Users\Neha\AppData\Local\Temp\playwright-java-1013749723035042582\package\lib\utils\manualPromise.js:96:14)
    at async FrameDispatcher._handleCommand (C:\Users\Neha\AppData\Local\Temp\playwright-java-1013749723035042582\package\lib\server\dispatchers\dispatcher.js:96:14)
}
Call log:
- waiting for locator("#operations-user-getUserByName button")

at com.microsoft.playwright.impl.WaitableResult.get(WaitableResult.java:54)
at com.microsoft.playwright.impl.ChannelOwner.runUntil(ChannelOwner.java:120)
at com.microsoft.playwright.impl.Connection.sendMessage(Connection.java:130)
at com.microsoft.playwright.impl.ChannelOwner.sendMessage(ChannelOwner.java:106)
at com.microsoft.playwright.impl.FrameImpl.clickImpl(FrameImpl.java:252)
at com.microsoft.playwright.impl.FrameImpl.lambda$click$8(FrameImpl.java:243)
at com.microsoft.playwright.impl.LoggingSupport.lambda$withLogging$0(LoggingSupport.java:36)
at com.microsoft.playwright.impl.LoggingSupport.withLogging(LoggingSupport.java:47)
at com.microsoft.playwright.impl.ChannelOwner.withLogging(ChannelOwner.java:89)
at com.microsoft.playwright.impl.LoggingSupport.withLogging(LoggingSupport.java:35)
at com.microsoft.playwright.impl.FrameImpl.click(FrameImpl.java:243)
at com.microsoft.playwright.impl.LocatorImpl.click(LocatorImpl.java:156)
at com.microsoft.playwright.Locator.click(Locator.java:2387)
at ui.SwaggerUITest.testGetUserByNameFromUI(SwaggerUITest.java:55)
at java.base/java.util.ArrayList.forEach(ArrayList.java:1597)
Caused by: com.microsoft.playwright.impl.DriverException: Error {
  message='Error: strict mode violation: locator("#operations-user-getUserByName button") resolved to 2 elements:
    1) <button aria-expanded="false" class="opblock-summary-con…>…</button> aka getByRole(AriaRole.BUTTON, new Page.GetByRoleOptions().setName("GET /user/{username} Get user"))
    2) <button tabindex="-1" aria-expanded="false" class="opblo…>…</button> aka getByLabel("get /user/{username}")

  name='Error
  stack='Error: Error: strict mode violation: locator("#operations-user-getUserByName button") resolved to 2 elements:
    1) <button aria-expanded="false" class="opblock-summary-con…>…</button> aka getByRole(AriaRole.BUTTON, new Page.GetByRoleOptions().setName("GET /user/{username} Get user"))
    2) <button tabindex="-1" aria-expanded="false" class="opblo…>…</button> aka getByLabel("get /user/{username}")

    at CRExecutionContext.evaluateWithArguments (C:\Users\Neha\AppData\Local\Temp\playwright-java-1013749723035042582\package\lib\server\chromium\crExecutionContext.js:92:33)
    at async LongStandingScope._race (C:\Users\Neha\AppData\Local\Temp\playwright-java-1013749723035042582\package\lib\utils\manualPromise.js:96:14)
    at async evaluateExpression (C:\Users\Neha\AppData\Local\Temp\playwright-java-1013749723035042582\package\lib\server\javascript.js:241:12)
    at async C:\Users\Neha\AppData\Local\Temp\playwright-java-1013749723035042582\package\lib\server\frames.js:942:22
    at async Frame.retryWithProgressAndTimeouts (C:\Users\Neha\AppData\Local\Temp\playwright-java-1013749723035042582\package\lib\server\frames.js:912:24)
    at async C:\Users\Neha\AppData\Local\Temp\playwright-java-1013749723035042582\package\lib\server\frames.js:997:29
    at async ProgressController.run (C:\Users\Neha\AppData\Local\Temp\playwright-java-1013749723035042582\package\lib\server\progress.js:82:22)
    at async FrameDispatcher.click (C:\Users\Neha\AppData\Local\Temp\playwright-java-1013749723035042582\package\lib\server\dispatchers\frameDispatcher.js:158:12)
    at async LongStandingScope._race (C:\Users\Neha\AppData\Local\Temp\playwright-java-1013749723035042582\package\lib\utils\manualPromise.js:96:14)
    at async FrameDispatcher._handleCommand (C:\Users\Neha\AppData\Local\Temp\playwright-java-1013749723035042582\package\lib\server\dispatchers\dispatcher.js:96:14)
}
Call log:
- waiting for locator("#operations-user-getUserByName button")

at com.microsoft.playwright.impl.Connection.dispatch(Connection.java:259)
at com.microsoft.playwright.impl.Connection.processOneMessage(Connection.java:211)
at com.microsoft.playwright.impl.ChannelOwner.runUntil(ChannelOwner.java:118)
... 38 more
... Removed 25 stack frames]]>
    </failure>
  </testcase> <!-- testGetUserByNameFromUI -->
  <testcase classname="ui.SwaggerUITest" name="testUpdateUserFromUI" time="4.643">
    <failure type="com.microsoft.playwright.PlaywrightException" message="Error {
  message=&amp;apos;Error: strict mode violation: locator(&amp;quot;#operations-user-updateUser button&amp;quot;) resolved to 2 elements:
    1) &amp;lt;button aria-expanded=&amp;quot;false&amp;quot; class=&amp;quot;opblock-summary-con…&amp;gt;…&amp;lt;/button&amp;gt; aka getByRole(AriaRole.BUTTON, new Page.GetByRoleOptions().setName(&amp;quot;PUT /user/{username} Updated&amp;quot;))
    2) &amp;lt;button tabindex=&amp;quot;-1&amp;quot; aria-expanded=&amp;quot;false&amp;quot; class=&amp;quot;opblo…&amp;gt;…&amp;lt;/button&amp;gt; aka getByLabel(&amp;quot;put /user/{username}&amp;quot;)

  name=&amp;apos;Error
  stack=&amp;apos;Error: Error: strict mode violation: locator(&amp;quot;#operations-user-updateUser button&amp;quot;) resolved to 2 elements:
    1) &amp;lt;button aria-expanded=&amp;quot;false&amp;quot; class=&amp;quot;opblock-summary-con…&amp;gt;…&amp;lt;/button&amp;gt; aka getByRole(AriaRole.BUTTON, new Page.GetByRoleOptions().setName(&amp;quot;PUT /user/{username} Updated&amp;quot;))
    2) &amp;lt;button tabindex=&amp;quot;-1&amp;quot; aria-expanded=&amp;quot;false&amp;quot; class=&amp;quot;opblo…&amp;gt;…&amp;lt;/button&amp;gt; aka getByLabel(&amp;quot;put /user/{username}&amp;quot;)

    at CRExecutionContext.evaluateWithArguments (C:\Users\Neha\AppData\Local\Temp\playwright-java-1013749723035042582\package\lib\server\chromium\crExecutionContext.js:92:33)
    at async LongStandingScope._race (C:\Users\Neha\AppData\Local\Temp\playwright-java-1013749723035042582\package\lib\utils\manualPromise.js:96:14)
    at async evaluateExpression (C:\Users\Neha\AppData\Local\Temp\playwright-java-1013749723035042582\package\lib\server\javascript.js:241:12)
    at async C:\Users\Neha\AppData\Local\Temp\playwright-java-1013749723035042582\package\lib\server\frames.js:942:22
    at async Frame.retryWithProgressAndTimeouts (C:\Users\Neha\AppData\Local\Temp\playwright-java-1013749723035042582\package\lib\server\frames.js:912:24)
    at async C:\Users\Neha\AppData\Local\Temp\playwright-java-1013749723035042582\package\lib\server\frames.js:997:29
    at async ProgressController.run (C:\Users\Neha\AppData\Local\Temp\playwright-java-1013749723035042582\package\lib\server\progress.js:82:22)
    at async FrameDispatcher.click (C:\Users\Neha\AppData\Local\Temp\playwright-java-1013749723035042582\package\lib\server\dispatchers\frameDispatcher.js:158:12)
    at async LongStandingScope._race (C:\Users\Neha\AppData\Local\Temp\playwright-java-1013749723035042582\package\lib\utils\manualPromise.js:96:14)
    at async FrameDispatcher._handleCommand (C:\Users\Neha\AppData\Local\Temp\playwright-java-1013749723035042582\package\lib\server\dispatchers\dispatcher.js:96:14)
}
Call log:
- waiting for locator(&amp;quot;#operations-user-updateUser button&amp;quot;)
">
      <![CDATA[com.microsoft.playwright.PlaywrightException: Error {
  message='Error: strict mode violation: locator("#operations-user-updateUser button") resolved to 2 elements:
    1) <button aria-expanded="false" class="opblock-summary-con…>…</button> aka getByRole(AriaRole.BUTTON, new Page.GetByRoleOptions().setName("PUT /user/{username} Updated"))
    2) <button tabindex="-1" aria-expanded="false" class="opblo…>…</button> aka getByLabel("put /user/{username}")

  name='Error
  stack='Error: Error: strict mode violation: locator("#operations-user-updateUser button") resolved to 2 elements:
    1) <button aria-expanded="false" class="opblock-summary-con…>…</button> aka getByRole(AriaRole.BUTTON, new Page.GetByRoleOptions().setName("PUT /user/{username} Updated"))
    2) <button tabindex="-1" aria-expanded="false" class="opblo…>…</button> aka getByLabel("put /user/{username}")

    at CRExecutionContext.evaluateWithArguments (C:\Users\Neha\AppData\Local\Temp\playwright-java-1013749723035042582\package\lib\server\chromium\crExecutionContext.js:92:33)
    at async LongStandingScope._race (C:\Users\Neha\AppData\Local\Temp\playwright-java-1013749723035042582\package\lib\utils\manualPromise.js:96:14)
    at async evaluateExpression (C:\Users\Neha\AppData\Local\Temp\playwright-java-1013749723035042582\package\lib\server\javascript.js:241:12)
    at async C:\Users\Neha\AppData\Local\Temp\playwright-java-1013749723035042582\package\lib\server\frames.js:942:22
    at async Frame.retryWithProgressAndTimeouts (C:\Users\Neha\AppData\Local\Temp\playwright-java-1013749723035042582\package\lib\server\frames.js:912:24)
    at async C:\Users\Neha\AppData\Local\Temp\playwright-java-1013749723035042582\package\lib\server\frames.js:997:29
    at async ProgressController.run (C:\Users\Neha\AppData\Local\Temp\playwright-java-1013749723035042582\package\lib\server\progress.js:82:22)
    at async FrameDispatcher.click (C:\Users\Neha\AppData\Local\Temp\playwright-java-1013749723035042582\package\lib\server\dispatchers\frameDispatcher.js:158:12)
    at async LongStandingScope._race (C:\Users\Neha\AppData\Local\Temp\playwright-java-1013749723035042582\package\lib\utils\manualPromise.js:96:14)
    at async FrameDispatcher._handleCommand (C:\Users\Neha\AppData\Local\Temp\playwright-java-1013749723035042582\package\lib\server\dispatchers\dispatcher.js:96:14)
}
Call log:
- waiting for locator("#operations-user-updateUser button")

at com.microsoft.playwright.impl.WaitableResult.get(WaitableResult.java:54)
at com.microsoft.playwright.impl.ChannelOwner.runUntil(ChannelOwner.java:120)
at com.microsoft.playwright.impl.Connection.sendMessage(Connection.java:130)
at com.microsoft.playwright.impl.ChannelOwner.sendMessage(ChannelOwner.java:106)
at com.microsoft.playwright.impl.FrameImpl.clickImpl(FrameImpl.java:252)
at com.microsoft.playwright.impl.FrameImpl.lambda$click$8(FrameImpl.java:243)
at com.microsoft.playwright.impl.LoggingSupport.lambda$withLogging$0(LoggingSupport.java:36)
at com.microsoft.playwright.impl.LoggingSupport.withLogging(LoggingSupport.java:47)
at com.microsoft.playwright.impl.ChannelOwner.withLogging(ChannelOwner.java:89)
at com.microsoft.playwright.impl.LoggingSupport.withLogging(LoggingSupport.java:35)
at com.microsoft.playwright.impl.FrameImpl.click(FrameImpl.java:243)
at com.microsoft.playwright.impl.LocatorImpl.click(LocatorImpl.java:156)
at com.microsoft.playwright.Locator.click(Locator.java:2387)
at ui.SwaggerUITest.testUpdateUserFromUI(SwaggerUITest.java:75)
at java.base/java.util.ArrayList.forEach(ArrayList.java:1597)
Caused by: com.microsoft.playwright.impl.DriverException: Error {
  message='Error: strict mode violation: locator("#operations-user-updateUser button") resolved to 2 elements:
    1) <button aria-expanded="false" class="opblock-summary-con…>…</button> aka getByRole(AriaRole.BUTTON, new Page.GetByRoleOptions().setName("PUT /user/{username} Updated"))
    2) <button tabindex="-1" aria-expanded="false" class="opblo…>…</button> aka getByLabel("put /user/{username}")

  name='Error
  stack='Error: Error: strict mode violation: locator("#operations-user-updateUser button") resolved to 2 elements:
    1) <button aria-expanded="false" class="opblock-summary-con…>…</button> aka getByRole(AriaRole.BUTTON, new Page.GetByRoleOptions().setName("PUT /user/{username} Updated"))
    2) <button tabindex="-1" aria-expanded="false" class="opblo…>…</button> aka getByLabel("put /user/{username}")

    at CRExecutionContext.evaluateWithArguments (C:\Users\Neha\AppData\Local\Temp\playwright-java-1013749723035042582\package\lib\server\chromium\crExecutionContext.js:92:33)
    at async LongStandingScope._race (C:\Users\Neha\AppData\Local\Temp\playwright-java-1013749723035042582\package\lib\utils\manualPromise.js:96:14)
    at async evaluateExpression (C:\Users\Neha\AppData\Local\Temp\playwright-java-1013749723035042582\package\lib\server\javascript.js:241:12)
    at async C:\Users\Neha\AppData\Local\Temp\playwright-java-1013749723035042582\package\lib\server\frames.js:942:22
    at async Frame.retryWithProgressAndTimeouts (C:\Users\Neha\AppData\Local\Temp\playwright-java-1013749723035042582\package\lib\server\frames.js:912:24)
    at async C:\Users\Neha\AppData\Local\Temp\playwright-java-1013749723035042582\package\lib\server\frames.js:997:29
    at async ProgressController.run (C:\Users\Neha\AppData\Local\Temp\playwright-java-1013749723035042582\package\lib\server\progress.js:82:22)
    at async FrameDispatcher.click (C:\Users\Neha\AppData\Local\Temp\playwright-java-1013749723035042582\package\lib\server\dispatchers\frameDispatcher.js:158:12)
    at async LongStandingScope._race (C:\Users\Neha\AppData\Local\Temp\playwright-java-1013749723035042582\package\lib\utils\manualPromise.js:96:14)
    at async FrameDispatcher._handleCommand (C:\Users\Neha\AppData\Local\Temp\playwright-java-1013749723035042582\package\lib\server\dispatchers\dispatcher.js:96:14)
}
Call log:
- waiting for locator("#operations-user-updateUser button")

at com.microsoft.playwright.impl.Connection.dispatch(Connection.java:259)
at com.microsoft.playwright.impl.Connection.processOneMessage(Connection.java:211)
at com.microsoft.playwright.impl.ChannelOwner.runUntil(ChannelOwner.java:118)
... 38 more
... Removed 25 stack frames]]>
    </failure>
  </testcase> <!-- testUpdateUserFromUI -->
  <testcase classname="ui.SwaggerUITest" name="testDeleteUserFromUI" time="4.274">
    <failure type="com.microsoft.playwright.PlaywrightException" message="Error {
  message=&amp;apos;Error: strict mode violation: locator(&amp;quot;#operations-user-deleteUser button&amp;quot;) resolved to 2 elements:
    1) &amp;lt;button aria-expanded=&amp;quot;false&amp;quot; class=&amp;quot;opblock-summary-con…&amp;gt;…&amp;lt;/button&amp;gt; aka getByRole(AriaRole.BUTTON, new Page.GetByRoleOptions().setName(&amp;quot;DELETE /user/{username} Delete user&amp;quot;))
    2) &amp;lt;button tabindex=&amp;quot;-1&amp;quot; aria-expanded=&amp;quot;false&amp;quot; class=&amp;quot;opblo…&amp;gt;…&amp;lt;/button&amp;gt; aka getByLabel(&amp;quot;delete /user/{username}&amp;quot;)

  name=&amp;apos;Error
  stack=&amp;apos;Error: Error: strict mode violation: locator(&amp;quot;#operations-user-deleteUser button&amp;quot;) resolved to 2 elements:
    1) &amp;lt;button aria-expanded=&amp;quot;false&amp;quot; class=&amp;quot;opblock-summary-con…&amp;gt;…&amp;lt;/button&amp;gt; aka getByRole(AriaRole.BUTTON, new Page.GetByRoleOptions().setName(&amp;quot;DELETE /user/{username} Delete user&amp;quot;))
    2) &amp;lt;button tabindex=&amp;quot;-1&amp;quot; aria-expanded=&amp;quot;false&amp;quot; class=&amp;quot;opblo…&amp;gt;…&amp;lt;/button&amp;gt; aka getByLabel(&amp;quot;delete /user/{username}&amp;quot;)

    at CRExecutionContext.evaluateWithArguments (C:\Users\Neha\AppData\Local\Temp\playwright-java-1013749723035042582\package\lib\server\chromium\crExecutionContext.js:92:33)
    at async LongStandingScope._race (C:\Users\Neha\AppData\Local\Temp\playwright-java-1013749723035042582\package\lib\utils\manualPromise.js:96:14)
    at async evaluateExpression (C:\Users\Neha\AppData\Local\Temp\playwright-java-1013749723035042582\package\lib\server\javascript.js:241:12)
    at async C:\Users\Neha\AppData\Local\Temp\playwright-java-1013749723035042582\package\lib\server\frames.js:942:22
    at async Frame.retryWithProgressAndTimeouts (C:\Users\Neha\AppData\Local\Temp\playwright-java-1013749723035042582\package\lib\server\frames.js:912:24)
    at async C:\Users\Neha\AppData\Local\Temp\playwright-java-1013749723035042582\package\lib\server\frames.js:997:29
    at async ProgressController.run (C:\Users\Neha\AppData\Local\Temp\playwright-java-1013749723035042582\package\lib\server\progress.js:82:22)
    at async FrameDispatcher.click (C:\Users\Neha\AppData\Local\Temp\playwright-java-1013749723035042582\package\lib\server\dispatchers\frameDispatcher.js:158:12)
    at async LongStandingScope._race (C:\Users\Neha\AppData\Local\Temp\playwright-java-1013749723035042582\package\lib\utils\manualPromise.js:96:14)
    at async FrameDispatcher._handleCommand (C:\Users\Neha\AppData\Local\Temp\playwright-java-1013749723035042582\package\lib\server\dispatchers\dispatcher.js:96:14)
}
Call log:
- waiting for locator(&amp;quot;#operations-user-deleteUser button&amp;quot;)
">
      <![CDATA[com.microsoft.playwright.PlaywrightException: Error {
  message='Error: strict mode violation: locator("#operations-user-deleteUser button") resolved to 2 elements:
    1) <button aria-expanded="false" class="opblock-summary-con…>…</button> aka getByRole(AriaRole.BUTTON, new Page.GetByRoleOptions().setName("DELETE /user/{username} Delete user"))
    2) <button tabindex="-1" aria-expanded="false" class="opblo…>…</button> aka getByLabel("delete /user/{username}")

  name='Error
  stack='Error: Error: strict mode violation: locator("#operations-user-deleteUser button") resolved to 2 elements:
    1) <button aria-expanded="false" class="opblock-summary-con…>…</button> aka getByRole(AriaRole.BUTTON, new Page.GetByRoleOptions().setName("DELETE /user/{username} Delete user"))
    2) <button tabindex="-1" aria-expanded="false" class="opblo…>…</button> aka getByLabel("delete /user/{username}")

    at CRExecutionContext.evaluateWithArguments (C:\Users\Neha\AppData\Local\Temp\playwright-java-1013749723035042582\package\lib\server\chromium\crExecutionContext.js:92:33)
    at async LongStandingScope._race (C:\Users\Neha\AppData\Local\Temp\playwright-java-1013749723035042582\package\lib\utils\manualPromise.js:96:14)
    at async evaluateExpression (C:\Users\Neha\AppData\Local\Temp\playwright-java-1013749723035042582\package\lib\server\javascript.js:241:12)
    at async C:\Users\Neha\AppData\Local\Temp\playwright-java-1013749723035042582\package\lib\server\frames.js:942:22
    at async Frame.retryWithProgressAndTimeouts (C:\Users\Neha\AppData\Local\Temp\playwright-java-1013749723035042582\package\lib\server\frames.js:912:24)
    at async C:\Users\Neha\AppData\Local\Temp\playwright-java-1013749723035042582\package\lib\server\frames.js:997:29
    at async ProgressController.run (C:\Users\Neha\AppData\Local\Temp\playwright-java-1013749723035042582\package\lib\server\progress.js:82:22)
    at async FrameDispatcher.click (C:\Users\Neha\AppData\Local\Temp\playwright-java-1013749723035042582\package\lib\server\dispatchers\frameDispatcher.js:158:12)
    at async LongStandingScope._race (C:\Users\Neha\AppData\Local\Temp\playwright-java-1013749723035042582\package\lib\utils\manualPromise.js:96:14)
    at async FrameDispatcher._handleCommand (C:\Users\Neha\AppData\Local\Temp\playwright-java-1013749723035042582\package\lib\server\dispatchers\dispatcher.js:96:14)
}
Call log:
- waiting for locator("#operations-user-deleteUser button")

at com.microsoft.playwright.impl.WaitableResult.get(WaitableResult.java:54)
at com.microsoft.playwright.impl.ChannelOwner.runUntil(ChannelOwner.java:120)
at com.microsoft.playwright.impl.Connection.sendMessage(Connection.java:130)
at com.microsoft.playwright.impl.ChannelOwner.sendMessage(ChannelOwner.java:106)
at com.microsoft.playwright.impl.FrameImpl.clickImpl(FrameImpl.java:252)
at com.microsoft.playwright.impl.FrameImpl.lambda$click$8(FrameImpl.java:243)
at com.microsoft.playwright.impl.LoggingSupport.lambda$withLogging$0(LoggingSupport.java:36)
at com.microsoft.playwright.impl.LoggingSupport.withLogging(LoggingSupport.java:47)
at com.microsoft.playwright.impl.ChannelOwner.withLogging(ChannelOwner.java:89)
at com.microsoft.playwright.impl.LoggingSupport.withLogging(LoggingSupport.java:35)
at com.microsoft.playwright.impl.FrameImpl.click(FrameImpl.java:243)
at com.microsoft.playwright.impl.LocatorImpl.click(LocatorImpl.java:156)
at com.microsoft.playwright.Locator.click(Locator.java:2387)
at ui.SwaggerUITest.testDeleteUserFromUI(SwaggerUITest.java:109)
at java.base/java.util.ArrayList.forEach(ArrayList.java:1597)
Caused by: com.microsoft.playwright.impl.DriverException: Error {
  message='Error: strict mode violation: locator("#operations-user-deleteUser button") resolved to 2 elements:
    1) <button aria-expanded="false" class="opblock-summary-con…>…</button> aka getByRole(AriaRole.BUTTON, new Page.GetByRoleOptions().setName("DELETE /user/{username} Delete user"))
    2) <button tabindex="-1" aria-expanded="false" class="opblo…>…</button> aka getByLabel("delete /user/{username}")

  name='Error
  stack='Error: Error: strict mode violation: locator("#operations-user-deleteUser button") resolved to 2 elements:
    1) <button aria-expanded="false" class="opblock-summary-con…>…</button> aka getByRole(AriaRole.BUTTON, new Page.GetByRoleOptions().setName("DELETE /user/{username} Delete user"))
    2) <button tabindex="-1" aria-expanded="false" class="opblo…>…</button> aka getByLabel("delete /user/{username}")

    at CRExecutionContext.evaluateWithArguments (C:\Users\Neha\AppData\Local\Temp\playwright-java-1013749723035042582\package\lib\server\chromium\crExecutionContext.js:92:33)
    at async LongStandingScope._race (C:\Users\Neha\AppData\Local\Temp\playwright-java-1013749723035042582\package\lib\utils\manualPromise.js:96:14)
    at async evaluateExpression (C:\Users\Neha\AppData\Local\Temp\playwright-java-1013749723035042582\package\lib\server\javascript.js:241:12)
    at async C:\Users\Neha\AppData\Local\Temp\playwright-java-1013749723035042582\package\lib\server\frames.js:942:22
    at async Frame.retryWithProgressAndTimeouts (C:\Users\Neha\AppData\Local\Temp\playwright-java-1013749723035042582\package\lib\server\frames.js:912:24)
    at async C:\Users\Neha\AppData\Local\Temp\playwright-java-1013749723035042582\package\lib\server\frames.js:997:29
    at async ProgressController.run (C:\Users\Neha\AppData\Local\Temp\playwright-java-1013749723035042582\package\lib\server\progress.js:82:22)
    at async FrameDispatcher.click (C:\Users\Neha\AppData\Local\Temp\playwright-java-1013749723035042582\package\lib\server\dispatchers\frameDispatcher.js:158:12)
    at async LongStandingScope._race (C:\Users\Neha\AppData\Local\Temp\playwright-java-1013749723035042582\package\lib\utils\manualPromise.js:96:14)
    at async FrameDispatcher._handleCommand (C:\Users\Neha\AppData\Local\Temp\playwright-java-1013749723035042582\package\lib\server\dispatchers\dispatcher.js:96:14)
}
Call log:
- waiting for locator("#operations-user-deleteUser button")

at com.microsoft.playwright.impl.Connection.dispatch(Connection.java:259)
at com.microsoft.playwright.impl.Connection.processOneMessage(Connection.java:211)
at com.microsoft.playwright.impl.ChannelOwner.runUntil(ChannelOwner.java:118)
... 38 more
... Removed 25 stack frames]]>
    </failure>
  </testcase> <!-- testDeleteUserFromUI -->
  <testcase classname="base.BaseTest" name="@AfterSuite tearDown" time="0.0">
    <ignored/>
  </testcase> <!-- @AfterSuite tearDown -->
  <testcase classname="base.BaseTest" name="@BeforeSuite setup" time="0.0">
    <ignored/>
  </testcase> <!-- @BeforeSuite setup -->
  <testcase classname="base.BaseTest" name="@BeforeSuite setup" time="0.0">
    <ignored/>
  </testcase> <!-- @BeforeSuite setup -->
  <testcase classname="base.BaseTest" name="@AfterSuite tearDown" time="0.0">
    <ignored/>
  </testcase> <!-- @AfterSuite tearDown -->
  <testcase classname="base.BaseTest" name="@BeforeSuite setup" time="0.0">
    <ignored/>
  </testcase> <!-- @BeforeSuite setup -->
  <testcase classname="base.BaseTest" name="@AfterSuite tearDown" time="0.0">
    <ignored/>
  </testcase> <!-- @AfterSuite tearDown -->
  <testcase classname="base.BaseTest" name="@AfterSuite tearDown" time="0.0">
    <ignored/>
  </testcase> <!-- @AfterSuite tearDown -->
  <testcase classname="base.BaseTest" name="@BeforeSuite setup" time="0.0">
    <ignored/>
  </testcase> <!-- @BeforeSuite setup -->
</testsuite> <!-- API Tests -->
