<?xml version="1.0" encoding="UTF-8"?>
<!-- Generated by org.testng.reporters.JUnitXMLReporter -->
<testsuite ignored="8" hostname="DESKTOP-EROT39V" failures="0" tests="8" name="Test" time="2.339" errors="0" timestamp="2025-05-27T23:28:24 IST">
  <testcase classname="apis.CreateUserTest" name="createUserNegative" time="1.343"/>
  <testcase classname="apis.GetUserByNameTest" name="getUserPositive" time="1.341"/>
  <testcase classname="apis.DeleteUserTest" name="deleteUserNegative" time="1.342"/>
  <testcase classname="apis.CreateUserTest" name="createUserPositive" time="1.341"/>
  <testcase classname="apis.GetUserByNameTest" name="getUserNegative" time="1.342"/>
  <testcase classname="apis.UpdateUserTest" name="updateUserPositive" time="0.928"/>
  <testcase classname="apis.DeleteUserTest" name="deleteUserPositive" time="0.942"/>
  <testcase classname="apis.UpdateUserTest" name="updateUserNegative" time="0.947"/>
  <testcase classname="base.BaseTest" name="@BeforeSuite setup" time="0.0">
    <ignored/>
  </testcase> <!-- @BeforeSuite setup -->
  <testcase classname="base.BaseTest" name="@AfterSuite tearDown" time="0.0">
    <ignored/>
  </testcase> <!-- @AfterSuite tearDown -->
  <testcase classname="base.BaseTest" name="@AfterSuite tearDown" time="0.0">
    <ignored/>
  </testcase> <!-- @AfterSuite tearDown -->
  <testcase classname="base.BaseTest" name="@BeforeSuite setup" time="0.0">
    <ignored/>
  </testcase> <!-- @BeforeSuite setup -->
  <testcase classname="base.BaseTest" name="@AfterSuite tearDown" time="0.0">
    <ignored/>
  </testcase> <!-- @AfterSuite tearDown -->
  <testcase classname="base.BaseTest" name="@AfterSuite tearDown" time="0.0">
    <ignored/>
  </testcase> <!-- @AfterSuite tearDown -->
  <testcase classname="base.BaseTest" name="@BeforeSuite setup" time="0.0">
    <ignored/>
  </testcase> <!-- @BeforeSuite setup -->
  <testcase classname="base.BaseTest" name="@BeforeSuite setup" time="0.0">
    <ignored/>
  </testcase> <!-- @BeforeSuite setup -->
</testsuite> <!-- Test -->
