<?xml version="1.0" encoding="UTF-8"?>
<testng-results ignored="0" total="8" passed="8" failed="0" skipped="0">
  <reporter-output>
  </reporter-output>
  <suite started-at="2025-05-27T21:09:38 IST" name="PetStore API Suite" finished-at="2025-05-27T21:09:41 IST" duration-ms="2651">
    <groups>
    </groups>
    <test started-at="2025-05-27T21:09:38 IST" name="Test" finished-at="2025-05-27T21:09:41 IST" duration-ms="2651">
      <class name="apis.GetUserByNameTest">
        <test-method signature="getUserPositive()[pri:0, instance:apis.GetUserByNameTest@798162bc]" started-at="2025-05-27T21:09:38 IST" name="getUserPositive" finished-at="2025-05-27T21:09:40 IST" duration-ms="1500" status="PASS">
          <reporter-output>
          </reporter-output>
        </test-method> <!-- getUserPositive -->
        <test-method signature="getUserNegative()[pri:0, instance:apis.GetUserByNameTest@798162bc]" started-at="2025-05-27T21:09:38 IST" name="getUserNegative" finished-at="2025-05-27T21:09:40 IST" duration-ms="1500" status="PASS">
          <reporter-output>
          </reporter-output>
        </test-method> <!-- getUserNegative -->
      </class> <!-- apis.GetUserByNameTest -->
      <class name="apis.DeleteUserTest">
        <test-method signature="deleteUserNegative()[pri:0, instance:apis.DeleteUserTest@1df8da7a]" started-at="2025-05-27T21:09:38 IST" name="deleteUserNegative" finished-at="2025-05-27T21:09:40 IST" duration-ms="1502" status="PASS">
          <reporter-output>
          </reporter-output>
        </test-method> <!-- deleteUserNegative -->
        <test-method signature="deleteUserPositive()[pri:0, instance:apis.DeleteUserTest@1df8da7a]" started-at="2025-05-27T21:09:40 IST" name="deleteUserPositive" finished-at="2025-05-27T21:09:41 IST" duration-ms="1069" status="PASS">
          <reporter-output>
          </reporter-output>
        </test-method> <!-- deleteUserPositive -->
      </class> <!-- apis.DeleteUserTest -->
      <class name="base.BaseTest">
        <test-method is-config="true" signature="setup()[pri:0, instance:base.BaseTest@2d0399f4]" started-at="2025-05-27T21:09:34 IST" name="setup" finished-at="2025-05-27T21:09:38 IST" duration-ms="4575" status="PASS">
          <reporter-output>
          </reporter-output>
        </test-method> <!-- setup -->
        <test-method is-config="true" signature="tearDown()[pri:0, instance:base.BaseTest@2d0399f4]" started-at="2025-05-27T21:09:41 IST" name="tearDown" finished-at="2025-05-27T21:09:42 IST" duration-ms="31" status="PASS">
          <reporter-output>
          </reporter-output>
        </test-method> <!-- tearDown -->
      </class> <!-- base.BaseTest -->
      <class name="apis.CreateUserTest">
        <test-method signature="createUserPositive()[pri:0, instance:apis.CreateUserTest@465232e9]" started-at="2025-05-27T21:09:38 IST" name="createUserPositive" finished-at="2025-05-27T21:09:40 IST" duration-ms="1500" status="PASS">
          <reporter-output>
          </reporter-output>
        </test-method> <!-- createUserPositive -->
        <test-method signature="createUserNegative()[pri:0, instance:apis.CreateUserTest@465232e9]" started-at="2025-05-27T21:09:38 IST" name="createUserNegative" finished-at="2025-05-27T21:09:40 IST" duration-ms="1723" status="PASS">
          <reporter-output>
          </reporter-output>
        </test-method> <!-- createUserNegative -->
      </class> <!-- apis.CreateUserTest -->
      <class name="apis.UpdateUserTest">
        <test-method signature="updateUserPositive()[pri:0, instance:apis.UpdateUserTest@23941fb4]" started-at="2025-05-27T21:09:40 IST" name="updateUserPositive" finished-at="2025-05-27T21:09:41 IST" duration-ms="1084" status="PASS">
          <reporter-output>
          </reporter-output>
        </test-method> <!-- updateUserPositive -->
        <test-method signature="updateUserNegative()[pri:0, instance:apis.UpdateUserTest@23941fb4]" started-at="2025-05-27T21:09:40 IST" name="updateUserNegative" finished-at="2025-05-27T21:09:41 IST" duration-ms="1064" status="PASS">
          <reporter-output>
          </reporter-output>
        </test-method> <!-- updateUserNegative -->
      </class> <!-- apis.UpdateUserTest -->
    </test> <!-- Test -->
  </suite> <!-- PetStore API Suite -->
</testng-results>
