<?xml version="1.0" encoding="UTF-8"?>
<!-- Generated by org.testng.reporters.JUnitXMLReporter -->
<testsuite ignored="8" hostname="DESKTOP-EROT39V" failures="1" tests="9" name="Test" time="2.631" errors="0" timestamp="2025-05-27T23:42:28 IST">
  <testcase classname="apis.GetUserByNameTest" name="getUserNegative" time="1.565"/>
  <testcase classname="apis.CreateUserTest" name="createUserNegative" time="1.564"/>
  <testcase classname="apis.CreateUserTest" name="createUserPositive" time="1.564"/>
  <testcase classname="apis.GetUserByNameTest" name="getUserPositive" time="1.573">
    <skipped/>
  </testcase> <!-- getUserPositive -->
  <testcase classname="apis.DeleteUserTest" name="deleteUserNegative" time="1.57"/>
  <testcase classname="apis.DeleteUserTest" name="deleteUserPositive" time="0.93"/>
  <testcase classname="apis.UpdateUserTest" name="updateUserNegative" time="0.942"/>
  <testcase classname="apis.GetUserByNameTest" name="getUserPositive" time="0.937">
    <failure type="java.lang.AssertionError" message="expected [200] but found [404]">
      <![CDATA[java.lang.AssertionError: expected [200] but found [404]
at apis.GetUserByNameTest.getUserPositive(GetUserByNameTest.java:24)
at java.base/java.util.concurrent.Executors$RunnableAdapter.call(Executors.java:572)
at java.base/java.util.concurrent.FutureTask.run(FutureTask.java:317)
at java.base/java.util.concurrent.ThreadPoolExecutor.runWorker(ThreadPoolExecutor.java:1144)
at java.base/java.util.concurrent.ThreadPoolExecutor$Worker.run(ThreadPoolExecutor.java:642)
at java.base/java.lang.Thread.run(Thread.java:1575)
... Removed 18 stack frames]]>
    </failure>
  </testcase> <!-- getUserPositive -->
  <testcase classname="apis.UpdateUserTest" name="updateUserPositive" time="0.954"/>
  <testcase classname="base.BaseTest" name="@AfterSuite tearDown" time="0.0">
    <ignored/>
  </testcase> <!-- @AfterSuite tearDown -->
  <testcase classname="base.BaseTest" name="@AfterSuite tearDown" time="0.0">
    <ignored/>
  </testcase> <!-- @AfterSuite tearDown -->
  <testcase classname="base.BaseTest" name="@AfterSuite tearDown" time="0.0">
    <ignored/>
  </testcase> <!-- @AfterSuite tearDown -->
  <testcase classname="base.BaseTest" name="@AfterSuite tearDown" time="0.0">
    <ignored/>
  </testcase> <!-- @AfterSuite tearDown -->
  <testcase classname="base.BaseTest" name="@BeforeSuite setup" time="0.0">
    <ignored/>
  </testcase> <!-- @BeforeSuite setup -->
  <testcase classname="base.BaseTest" name="@BeforeSuite setup" time="0.0">
    <ignored/>
  </testcase> <!-- @BeforeSuite setup -->
  <testcase classname="base.BaseTest" name="@BeforeSuite setup" time="0.0">
    <ignored/>
  </testcase> <!-- @BeforeSuite setup -->
  <testcase classname="base.BaseTest" name="@BeforeSuite setup" time="0.0">
    <ignored/>
  </testcase> <!-- @BeforeSuite setup -->
</testsuite> <!-- Test -->
