<?xml version="1.0" encoding="UTF-8"?>
<!-- Generated by org.testng.reporters.JUnitReportReporter -->
<testsuite hostname="DESKTOP-EROT39V" failures="0" tests="4" name="ui.SwaggerUITest" time="148.638" errors="4" timestamp="2025-05-21T22:00:05 IST" skipped="0">
  <testcase classname="ui.SwaggerUITest" name="testCreateUserFromUI" time="36.742">
    <error message="Error {
  message=&#039;Timeout 30000ms exceeded.
  name=&#039;TimeoutError
  stack=&#039;TimeoutError: Timeout 30000ms exceeded.
    at ProgressController.run (C:\Users\Neha\AppData\Local\Temp\playwright-java-4302565057248891745\package\lib\server\progress.js:78:26)
    at Frame.click (C:\Users\Neha\AppData\Local\Temp\playwright-java-4302565057248891745\package\lib\server\frames.js:996:23)
    at FrameDispatcher.click (C:\Users\Neha\AppData\Local\Temp\playwright-java-4302565057248891745\package\lib\server\dispatchers\frameDispatcher.js:158:30)
    at FrameDispatcher._handleCommand (C:\Users\Neha\AppData\Local\Temp\playwright-java-4302565057248891745\package\lib\server\dispatchers\dispatcher.js:94:40)
    at DispatcherConnection.dispatch (C:\Users\Neha\AppData\Local\Temp\playwright-java-4302565057248891745\package\lib\server\dispatchers\dispatcher.js:365:39)
}
Call log:
- waiting for locator(&quot;#operations-user-createUser button&quot;).first()
-   locator resolved to &lt;button aria-expanded=&quot;false&quot; class=&quot;opblock-summary-con…&gt;…&lt;/button&gt;
- attempting click action
-   waiting for element to be visible, enabled and stable
-   element is visible, enabled and stable
-   scrolling into view if needed
-   done scrolling
-   &lt;div class=&quot;ch2-container ch2-theme-default  ch2-styl…&gt;…&lt;/div&gt; from &lt;div data-region=&quot;eu&quot; data-nosnippet=&quot;true&quot; class=&quot;ch…&gt;…&lt;/div&gt; subtree intercepts pointer events
- retrying click action, attempt #1
-   waiting for element to be visible, enabled and stable
-   element is visible, enabled and stable
-   scrolling into view if needed
-   done scrolling
-   &lt;div class=&quot;ch2-container ch2-theme-default  ch2-styl…&gt;…&lt;/div&gt; from &lt;div data-region=&quot;eu&quot; data-nosnippet=&quot;true&quot; class=&quot;ch…&gt;…&lt;/div&gt; subtree intercepts pointer events
- retrying click action, attempt #2
-   waiting 20ms
-   waiting for element to be visible, enabled and stable
-   element is visible, enabled and stable
-   scrolling into view if needed
-   done scrolling
-   &lt;div class=&quot;ch2-container ch2-theme-default  ch2-styl…&gt;…&lt;/div&gt; from &lt;div data-region=&quot;eu&quot; data-nosnippet=&quot;true&quot; class=&quot;ch…&gt;…&lt;/div&gt; subtree intercepts pointer events
- retrying click action, attempt #3
-   waiting 100ms
-   waiting for element to be visible, enabled and stable
-   element is visible, enabled and stable
-   scrolling into view if needed
-   done scrolling
-   &lt;div class=&quot;ch2-container ch2-theme-default  ch2-styl…&gt;…&lt;/div&gt; from &lt;div data-region=&quot;eu&quot; data-nosnippet=&quot;true&quot; class=&quot;ch…&gt;…&lt;/div&gt; subtree intercepts pointer events
- retrying click action, attempt #4
-   waiting 100ms
-   waiting for element to be visible, enabled and stable
-   element is visible, enabled and stable
-   scrolling into view if needed
-   done scrolling
-   &lt;div class=&quot;ch2-container ch2-theme-default  ch2-styl…&gt;…&lt;/div&gt; from &lt;div data-region=&quot;eu&quot; data-nosnippet=&quot;true&quot; class=&quot;ch…&gt;…&lt;/div&gt; subtree intercepts pointer events
- retrying click action, attempt #5
-   waiting 500ms
-   waiting for element to be visible, enabled and stable
-   element is visible, enabled and stable
-   scrolling into view if needed
-   done scrolling
-   &lt;div class=&quot;ch2-container ch2-theme-default  ch2-styl…&gt;…&lt;/div&gt; from &lt;div data-region=&quot;eu&quot; data-nosnippet=&quot;true&quot; class=&quot;ch…&gt;…&lt;/div&gt; subtree intercepts pointer events
- retrying click action, attempt #6
-   waiting 500ms
-   waiting for element to be visible, enabled and stable
-   element is visible, enabled and stable
-   scrolling into view if needed
-   done scrolling
-   &lt;div class=&quot;ch2-container ch2-theme-default  ch2-styl…&gt;…&lt;/div&gt; from &lt;div data-region=&quot;eu&quot; data-nosnippet=&quot;true&quot; class=&quot;ch…&gt;…&lt;/div&gt; subtree intercepts pointer events
- retrying click action, attempt #7
-   waiting 500ms
-   waiting for element to be visible, enabled and stable
-   element is visible, enabled and stable
-   scrolling into view if needed
-   done scrolling
-   &lt;div class=&quot;ch2-container ch2-theme-default  ch2-styl…&gt;…&lt;/div&gt; from &lt;div data-region=&quot;eu&quot; data-nosnippet=&quot;true&quot; class=&quot;ch…&gt;…&lt;/div&gt; subtree intercepts pointer events
- retrying click action, attempt #8
-   waiting 500ms
-   waiting for element to be visible, enabled and stable
-   element is visible, enabled and stable
-   scrolling into view if needed
-   done scrolling
-   &lt;div class=&quot;ch2-container ch2-theme-default  ch2-styl…&gt;…&lt;/div&gt; from &lt;div data-region=&quot;eu&quot; data-nosnippet=&quot;true&quot; class=&quot;ch…&gt;…&lt;/div&gt; subtree intercepts pointer events
- retrying click action, attempt #9
-   waiting 500ms
-   waiting for element to be visible, enabled and stable
-   element is visible, enabled and stable
-   scrolling into view if needed
-   done scrolling
-   &lt;div class=&quot;ch2-container ch2-theme-default  ch2-styl…&gt;…&lt;/div&gt; from &lt;div data-region=&quot;eu&quot; data-nosnippet=&quot;true&quot; class=&quot;ch…&gt;…&lt;/div&gt; subtree intercepts pointer events
- retrying click action, attempt #10
-   waiting 500ms
-   waiting for element to be visible, enabled and stable
-   element is visible, enabled and stable
-   scrolling into view if needed
-   done scrolling
-   &lt;div class=&quot;ch2-container ch2-theme-default  ch2-styl…&gt;…&lt;/div&gt; from &lt;div data-region=&quot;eu&quot; data-nosnippet=&quot;true&quot; class=&quot;ch…&gt;…&lt;/div&gt; subtree intercepts pointer events
- retrying click action, attempt #11
-   waiting 500ms
-   waiting for element to be visible, enabled and stable
-   element is visible, enabled and stable
-   scrolling into view if needed
-   done scrolling
-   &lt;div class=&quot;ch2-container ch2-theme-default  ch2-styl…&gt;…&lt;/div&gt; from &lt;div data-region=&quot;eu&quot; data-nosnippet=&quot;true&quot; class=&quot;ch…&gt;…&lt;/div&gt; subtree intercepts pointer events
- retrying click action, attempt #12
-   waiting 500ms
-   waiting for element to be visible, enabled and stable
-   element is visible, enabled and stable
-   scrolling into view if needed
-   done scrolling
-   &lt;div class=&quot;ch2-container ch2-theme-default  ch2-styl…&gt;…&lt;/div&gt; from &lt;div data-region=&quot;eu&quot; data-nosnippet=&quot;true&quot; class=&quot;ch…&gt;…&lt;/div&gt; subtree intercepts pointer events
- retrying click action, attempt #13
-   waiting 500ms
-   waiting for element to be visible, enabled and stable
-   element is visible, enabled and stable
-   scrolling into view if needed
-   done scrolling
-   &lt;div class=&quot;ch2-container ch2-theme-default  ch2-styl…&gt;…&lt;/div&gt; from &lt;div data-region=&quot;eu&quot; data-nosnippet=&quot;true&quot; class=&quot;ch…&gt;…&lt;/div&gt; subtree intercepts pointer events
- retrying click action, attempt #14
-   waiting 500ms
-   waiting for element to be visible, enabled and stable
-   element is visible, enabled and stable
-   scrolling into view if needed
-   done scrolling
-   &lt;div class=&quot;ch2-container ch2-theme-default  ch2-styl…&gt;…&lt;/div&gt; from &lt;div data-region=&quot;eu&quot; data-nosnippet=&quot;true&quot; class=&quot;ch…&gt;…&lt;/div&gt; subtree intercepts pointer events
- retrying click action, attempt #15
-   waiting 500ms
-   waiting for element to be visible, enabled and stable
-   element is visible, enabled and stable
-   scrolling into view if needed
-   done scrolling
-   &lt;div class=&quot;ch2-container ch2-theme-default  ch2-styl…&gt;…&lt;/div&gt; from &lt;div data-region=&quot;eu&quot; data-nosnippet=&quot;true&quot; class=&quot;ch…&gt;…&lt;/div&gt; subtree intercepts pointer events
- retrying click action, attempt #16
-   waiting 500ms
-   waiting for element to be visible, enabled and stable
-   element is visible, enabled and stable
-   scrolling into view if needed
-   done scrolling
-   &lt;div class=&quot;ch2-container ch2-theme-default  ch2-styl…&gt;…&lt;/div&gt; from &lt;div data-region=&quot;eu&quot; data-nosnippet=&quot;true&quot; class=&quot;ch…&gt;…&lt;/div&gt; subtree intercepts pointer events
- retrying click action, attempt #17
-   waiting 500ms
-   waiting for element to be visible, enabled and stable
-   element is visible, enabled and stable
-   scrolling into view if needed
-   done scrolling
-   &lt;div class=&quot;ch2-container ch2-theme-default  ch2-styl…&gt;…&lt;/div&gt; from &lt;div data-region=&quot;eu&quot; data-nosnippet=&quot;true&quot; class=&quot;ch…&gt;…&lt;/div&gt; subtree intercepts pointer events
- retrying click action, attempt #18
-   waiting 500ms
-   waiting for element to be visible, enabled and stable
-   element is visible, enabled and stable
-   scrolling into view if needed
-   done scrolling
-   &lt;div class=&quot;ch2-container ch2-theme-default  ch2-styl…&gt;…&lt;/div&gt; from &lt;div data-region=&quot;eu&quot; data-nosnippet=&quot;true&quot; class=&quot;ch…&gt;…&lt;/div&gt; subtree intercepts pointer events
- retrying click action, attempt #19
-   waiting 500ms
-   waiting for element to be visible, enabled and stable
-   element is visible, enabled and stable
-   scrolling into view if needed
-   done scrolling
-   &lt;div class=&quot;ch2-container ch2-theme-default  ch2-styl…&gt;…&lt;/div&gt; from &lt;div data-region=&quot;eu&quot; data-nosnippet=&quot;true&quot; class=&quot;ch…&gt;…&lt;/div&gt; subtree intercepts pointer events
- retrying click action, attempt #20
-   waiting 500ms
-   waiting for element to be visible, enabled and stable
-   element is visible, enabled and stable
-   scrolling into view if needed
-   done scrolling
-   &lt;div class=&quot;ch2-container ch2-theme-default  ch2-styl…&gt;…&lt;/div&gt; from &lt;div data-region=&quot;eu&quot; data-nosnippet=&quot;true&quot; class=&quot;ch…&gt;…&lt;/div&gt; subtree intercepts pointer events
- retrying click action, attempt #21
-   waiting 500ms
-   waiting for element to be visible, enabled and stable
-   element is visible, enabled and stable
-   scrolling into view if needed
-   done scrolling
-   &lt;div class=&quot;ch2-container ch2-theme-default  ch2-styl…&gt;…&lt;/div&gt; from &lt;div data-region=&quot;eu&quot; data-nosnippet=&quot;true&quot; class=&quot;ch…&gt;…&lt;/div&gt; subtree intercepts pointer events
- retrying click action, attempt #22
-   waiting 500ms
-   waiting for element to be visible, enabled and stable
-   element is visible, enabled and stable
-   scrolling into view if needed
-   done scrolling
-   &lt;div class=&quot;ch2-container ch2-theme-default  ch2-styl…&gt;…&lt;/div&gt; from &lt;div data-region=&quot;eu&quot; data-nosnippet=&quot;true&quot; class=&quot;ch…&gt;…&lt;/div&gt; subtree intercepts pointer events
- retrying click action, attempt #23
-   waiting 500ms
-   waiting for element to be visible, enabled and stable
-   element is visible, enabled and stable
-   scrolling into view if needed
-   done scrolling
-   &lt;div class=&quot;ch2-container ch2-theme-default  ch2-styl…&gt;…&lt;/div&gt; from &lt;div data-region=&quot;eu&quot; data-nosnippet=&quot;true&quot; class=&quot;ch…&gt;…&lt;/div&gt; subtree intercepts pointer events
- retrying click action, attempt #24
-   waiting 500ms
-   waiting for element to be visible, enabled and stable
-   element is visible, enabled and stable
-   scrolling into view if needed
-   done scrolling
-   &lt;div class=&quot;ch2-container ch2-theme-default  ch2-styl…&gt;…&lt;/div&gt; from &lt;div data-region=&quot;eu&quot; data-nosnippet=&quot;true&quot; class=&quot;ch…&gt;…&lt;/div&gt; subtree intercepts pointer events
- retrying click action, attempt #25
-   waiting 500ms
-   waiting for element to be visible, enabled and stable
-   element is visible, enabled and stable
-   scrolling into view if needed
-   done scrolling
-   &lt;div class=&quot;ch2-container ch2-theme-default  ch2-styl…&gt;…&lt;/div&gt; from &lt;div data-region=&quot;eu&quot; data-nosnippet=&quot;true&quot; class=&quot;ch…&gt;…&lt;/div&gt; subtree intercepts pointer events
- retrying click action, attempt #26
-   waiting 500ms
-   waiting for element to be visible, enabled and stable
-   element is visible, enabled and stable
-   scrolling into view if needed
-   done scrolling
-   &lt;div class=&quot;ch2-container ch2-theme-default  ch2-styl…&gt;…&lt;/div&gt; from &lt;div data-region=&quot;eu&quot; data-nosnippet=&quot;true&quot; class=&quot;ch…&gt;…&lt;/div&gt; subtree intercepts pointer events
- retrying click action, attempt #27
-   waiting 500ms
-   waiting for element to be visible, enabled and stable
-   element is visible, enabled and stable
-   scrolling into view if needed
-   done scrolling
-   &lt;div class=&quot;ch2-container ch2-theme-default  ch2-styl…&gt;…&lt;/div&gt; from &lt;div data-region=&quot;eu&quot; data-nosnippet=&quot;true&quot; class=&quot;ch…&gt;…&lt;/div&gt; subtree intercepts pointer events
- retrying click action, attempt #28
-   waiting 500ms
-   waiting for element to be visible, enabled and stable
-   element is visible, enabled and stable
-   scrolling into view if needed
-   done scrolling
-   &lt;div class=&quot;ch2-container ch2-theme-default  ch2-styl…&gt;…&lt;/div&gt; from &lt;div data-region=&quot;eu&quot; data-nosnippet=&quot;true&quot; class=&quot;ch…&gt;…&lt;/div&gt; subtree intercepts pointer events
- retrying click action, attempt #29
-   waiting 500ms
-   waiting for element to be visible, enabled and stable
-   element is visible, enabled and stable
-   scrolling into view if needed
-   done scrolling
-   &lt;div class=&quot;ch2-container ch2-theme-default  ch2-styl…&gt;…&lt;/div&gt; from &lt;div data-region=&quot;eu&quot; data-nosnippet=&quot;true&quot; class=&quot;ch…&gt;…&lt;/div&gt; subtree intercepts pointer events
- retrying click action, attempt #30
-   waiting 500ms
-   waiting for element to be visible, enabled and stable
-   element is visible, enabled and stable
-   scrolling into view if needed
-   done scrolling
-   &lt;div class=&quot;ch2-container ch2-theme-default  ch2-styl…&gt;…&lt;/div&gt; from &lt;div data-region=&quot;eu&quot; data-nosnippet=&quot;true&quot; class=&quot;ch…&gt;…&lt;/div&gt; subtree intercepts pointer events
- retrying click action, attempt #31
-   waiting 500ms
-   waiting for element to be visible, enabled and stable
-   element is visible, enabled and stable
-   scrolling into view if needed
-   done scrolling
-   &lt;div class=&quot;ch2-container ch2-theme-default  ch2-styl…&gt;…&lt;/div&gt; from &lt;div data-region=&quot;eu&quot; data-nosnippet=&quot;true&quot; class=&quot;ch…&gt;…&lt;/div&gt; subtree intercepts pointer events
- retrying click action, attempt #32
-   waiting 500ms
-   waiting for element to be visible, enabled and stable
-   element is visible, enabled and stable
-   scrolling into view if needed
-   done scrolling
-   &lt;div class=&quot;ch2-container ch2-theme-default  ch2-styl…&gt;…&lt;/div&gt; from &lt;div data-region=&quot;eu&quot; data-nosnippet=&quot;true&quot; class=&quot;ch…&gt;…&lt;/div&gt; subtree intercepts pointer events
- retrying click action, attempt #33
-   waiting 500ms
-   waiting for element to be visible, enabled and stable
-   element is visible, enabled and stable
-   scrolling into view if needed
-   done scrolling
-   &lt;div class=&quot;ch2-container ch2-theme-default  ch2-styl…&gt;…&lt;/div&gt; from &lt;div data-region=&quot;eu&quot; data-nosnippet=&quot;true&quot; class=&quot;ch…&gt;…&lt;/div&gt; subtree intercepts pointer events
- retrying click action, attempt #34
-   waiting 500ms
-   waiting for element to be visible, enabled and stable
-   element is visible, enabled and stable
-   scrolling into view if needed
-   done scrolling
-   &lt;div class=&quot;ch2-container ch2-theme-default  ch2-styl…&gt;…&lt;/div&gt; from &lt;div data-region=&quot;eu&quot; data-nosnippet=&quot;true&quot; class=&quot;ch…&gt;…&lt;/div&gt; subtree intercepts pointer events
- retrying click action, attempt #35
-   waiting 500ms
-   waiting for element to be visible, enabled and stable
-   element is visible, enabled and stable
-   scrolling into view if needed
-   done scrolling
-   &lt;div class=&quot;ch2-container ch2-theme-default  ch2-styl…&gt;…&lt;/div&gt; from &lt;div data-region=&quot;eu&quot; data-nosnippet=&quot;true&quot; class=&quot;ch…&gt;…&lt;/div&gt; subtree intercepts pointer events
- retrying click action, attempt #36
-   waiting 500ms
-   waiting for element to be visible, enabled and stable
-   element is visible, enabled and stable
-   scrolling into view if needed
-   done scrolling
-   &lt;div class=&quot;ch2-container ch2-theme-default  ch2-styl…&gt;…&lt;/div&gt; from &lt;div data-region=&quot;eu&quot; data-nosnippet=&quot;true&quot; class=&quot;ch…&gt;…&lt;/div&gt; subtree intercepts pointer events
- retrying click action, attempt #37
-   waiting 500ms
-   waiting for element to be visible, enabled and stable
-   element is visible, enabled and stable
-   scrolling into view if needed
-   done scrolling
-   &lt;div class=&quot;ch2-container ch2-theme-default  ch2-styl…&gt;…&lt;/div&gt; from &lt;div data-region=&quot;eu&quot; data-nosnippet=&quot;true&quot; class=&quot;ch…&gt;…&lt;/div&gt; subtree intercepts pointer events
- retrying click action, attempt #38
-   waiting 500ms
-   waiting for element to be visible, enabled and stable
-   element is visible, enabled and stable
-   scrolling into view if needed
-   done scrolling
-   &lt;div class=&quot;ch2-container ch2-theme-default  ch2-styl…&gt;…&lt;/div&gt; from &lt;div data-region=&quot;eu&quot; data-nosnippet=&quot;true&quot; class=&quot;ch…&gt;…&lt;/div&gt; subtree intercepts pointer events
- retrying click action, attempt #39
-   waiting 500ms
-   waiting for element to be visible, enabled and stable
-   element is visible, enabled and stable
-   scrolling into view if needed
-   done scrolling
-   &lt;div class=&quot;ch2-container ch2-theme-default  ch2-styl…&gt;…&lt;/div&gt; from &lt;div data-region=&quot;eu&quot; data-nosnippet=&quot;true&quot; class=&quot;ch…&gt;…&lt;/div&gt; subtree intercepts pointer events
- retrying click action, attempt #40
-   waiting 500ms
-   waiting for element to be visible, enabled and stable
-   element is visible, enabled and stable
-   scrolling into view if needed
-   done scrolling
-   &lt;div class=&quot;ch2-container ch2-theme-default  ch2-styl…&gt;…&lt;/div&gt; from &lt;div data-region=&quot;eu&quot; data-nosnippet=&quot;true&quot; class=&quot;ch…&gt;…&lt;/div&gt; subtree intercepts pointer events
- retrying click action, attempt #41
-   waiting 500ms
-   waiting for element to be visible, enabled and stable
-   element is visible, enabled and stable
-   scrolling into view if needed
-   done scrolling
-   &lt;div class=&quot;ch2-container ch2-theme-default  ch2-styl…&gt;…&lt;/div&gt; from &lt;div data-region=&quot;eu&quot; data-nosnippet=&quot;true&quot; class=&quot;ch…&gt;…&lt;/div&gt; subtree intercepts pointer events
- retrying click action, attempt #42
-   waiting 500ms
-   waiting for element to be visible, enabled and stable
-   element is visible, enabled and stable
-   scrolling into view if needed
-   done scrolling
-   &lt;div class=&quot;ch2-container ch2-theme-default  ch2-styl…&gt;…&lt;/div&gt; from &lt;div data-region=&quot;eu&quot; data-nosnippet=&quot;true&quot; class=&quot;ch…&gt;…&lt;/div&gt; subtree intercepts pointer events
- retrying click action, attempt #43
-   waiting 500ms
-   waiting for element to be visible, enabled and stable
-   element is visible, enabled and stable
-   scrolling into view if needed
-   done scrolling
-   &lt;div class=&quot;ch2-container ch2-theme-default  ch2-styl…&gt;…&lt;/div&gt; from &lt;div data-region=&quot;eu&quot; data-nosnippet=&quot;true&quot; class=&quot;ch…&gt;…&lt;/div&gt; subtree intercepts pointer events
- retrying click action, attempt #44
-   waiting 500ms
-   waiting for element to be visible, enabled and stable
-   element is visible, enabled and stable
-   scrolling into view if needed
-   done scrolling
-   &lt;div class=&quot;ch2-container ch2-theme-default  ch2-styl…&gt;…&lt;/div&gt; from &lt;div data-region=&quot;eu&quot; data-nosnippet=&quot;true&quot; class=&quot;ch…&gt;…&lt;/div&gt; subtree intercepts pointer events
- retrying click action, attempt #45
-   waiting 500ms
-   waiting for element to be visible, enabled and stable
-   element is visible, enabled and stable
-   scrolling into view if needed
-   done scrolling
-   &lt;div class=&quot;ch2-container ch2-theme-default  ch2-styl…&gt;…&lt;/div&gt; from &lt;div data-region=&quot;eu&quot; data-nosnippet=&quot;true&quot; class=&quot;ch…&gt;…&lt;/div&gt; subtree intercepts pointer events
- retrying click action, attempt #46
-   waiting 500ms
-   waiting for element to be visible, enabled and stable
-   element is visible, enabled and stable
-   scrolling into view if needed
-   done scrolling
-   &lt;div class=&quot;ch2-container ch2-theme-default  ch2-styl…&gt;…&lt;/div&gt; from &lt;div data-region=&quot;eu&quot; data-nosnippet=&quot;true&quot; class=&quot;ch…&gt;…&lt;/div&gt; subtree intercepts pointer events
- retrying click action, attempt #47
-   waiting 500ms
-   waiting for element to be visible, enabled and stable
-   element is visible, enabled and stable
-   scrolling into view if needed
-   done scrolling
-   &lt;div class=&quot;ch2-container ch2-theme-default  ch2-styl…&gt;…&lt;/div&gt; from &lt;div data-region=&quot;eu&quot; data-nosnippet=&quot;true&quot; class=&quot;ch…&gt;…&lt;/div&gt; subtree intercepts pointer events
- retrying click action, attempt #48
-   waiting 500ms
-   waiting for element to be visible, enabled and stable
-   element is visible, enabled and stable
-   scrolling into view if needed
-   done scrolling
-   &lt;div class=&quot;ch2-container ch2-theme-default  ch2-styl…&gt;…&lt;/div&gt; from &lt;div data-region=&quot;eu&quot; data-nosnippet=&quot;true&quot; class=&quot;ch…&gt;…&lt;/div&gt; subtree intercepts pointer events
- retrying click action, attempt #49
-   waiting 500ms
-   waiting for element to be visible, enabled and stable
-   element is visible, enabled and stable
-   scrolling into view if needed
-   done scrolling
-   &lt;div class=&quot;ch2-container ch2-theme-default  ch2-styl…&gt;…&lt;/div&gt; from &lt;div data-region=&quot;eu&quot; data-nosnippet=&quot;true&quot; class=&quot;ch…&gt;…&lt;/div&gt; subtree intercepts pointer events
- retrying click action, attempt #50
-   waiting 500ms
-   waiting for element to be visible, enabled and stable
-   element is visible, enabled and stable
-   scrolling into view if needed
-   done scrolling
-   &lt;div class=&quot;ch2-container ch2-theme-default  ch2-styl…&gt;…&lt;/div&gt; from &lt;div data-region=&quot;eu&quot; data-nosnippet=&quot;true&quot; class=&quot;ch…&gt;…&lt;/div&gt; subtree intercepts pointer events
- retrying click action, attempt #51
-   waiting 500ms
-   waiting for element to be visible, enabled and stable
-   element is visible, enabled and stable
-   scrolling into view if needed
-   done scrolling
-   &lt;div class=&quot;ch2-container ch2-theme-default  ch2-styl…&gt;…&lt;/div&gt; from &lt;div data-region=&quot;eu&quot; data-nosnippet=&quot;true&quot; class=&quot;ch…&gt;…&lt;/div&gt; subtree intercepts pointer events
- retrying click action, attempt #52
-   waiting 500ms
-   waiting for element to be visible, enabled and stable
-   element is visible, enabled and stable
-   scrolling into view if needed
-   done scrolling
-   &lt;div class=&quot;ch2-container ch2-theme-default  ch2-styl…&gt;…&lt;/div&gt; from &lt;div data-region=&quot;eu&quot; data-nosnippet=&quot;true&quot; class=&quot;ch…&gt;…&lt;/div&gt; subtree intercepts pointer events
- retrying click action, attempt #53
-   waiting 500ms
-   waiting for element to be visible, enabled and stable
-   element is visible, enabled and stable
-   scrolling into view if needed
-   done scrolling
-   &lt;div class=&quot;ch2-container ch2-theme-default  ch2-styl…&gt;…&lt;/div&gt; from &lt;div data-region=&quot;eu&quot; data-nosnippet=&quot;true&quot; class=&quot;ch…&gt;…&lt;/div&gt; subtree intercepts pointer events
- retrying click action, attempt #54
-   waiting 500ms
-   waiting for element to be visible, enabled and stable
-   element is visible, enabled and stable
-   scrolling into view if needed
-   done scrolling
-   &lt;div class=&quot;ch2-container ch2-theme-default  ch2-styl…&gt;…&lt;/div&gt; from &lt;div data-region=&quot;eu&quot; data-nosnippet=&quot;true&quot; class=&quot;ch…&gt;…&lt;/div&gt; subtree intercepts pointer events
- retrying click action, attempt #55
-   waiting 500ms
-   waiting for element to be visible, enabled and stable
-   element is visible, enabled and stable
-   scrolling into view if needed
-   done scrolling
-   &lt;div class=&quot;ch2-container ch2-theme-default  ch2-styl…&gt;…&lt;/div&gt; from &lt;div data-region=&quot;eu&quot; data-nosnippet=&quot;true&quot; class=&quot;ch…&gt;…&lt;/div&gt; subtree intercepts pointer events
- retrying click action, attempt #56
-   waiting 500ms
-   waiting for element to be visible, enabled and stable
-   element is visible, enabled and stable
-   scrolling into view if needed
-   done scrolling
-   &lt;div class=&quot;ch2-container ch2-theme-default  ch2-styl…&gt;…&lt;/div&gt; from &lt;div data-region=&quot;eu&quot; data-nosnippet=&quot;true&quot; class=&quot;ch…&gt;…&lt;/div&gt; subtree intercepts pointer events
- retrying click action, attempt #57
-   waiting 500ms
-   waiting for element to be visible, enabled and stable
-   element is visible, enabled and stable
-   scrolling into view if needed
-   done scrolling
-   &lt;div class=&quot;ch2-container ch2-theme-default  ch2-styl…&gt;…&lt;/div&gt; from &lt;div data-region=&quot;eu&quot; data-nosnippet=&quot;true&quot; class=&quot;ch…&gt;…&lt;/div&gt; subtree intercepts pointer events
- retrying click action, attempt #58
-   waiting 500ms
-   waiting for element to be visible, enabled and stable
-   element is visible, enabled and stable
-   scrolling into view if needed
-   done scrolling
-   &lt;div class=&quot;ch2-container ch2-theme-default  ch2-styl…&gt;…&lt;/div&gt; from &lt;div data-region=&quot;eu&quot; data-nosnippet=&quot;true&quot; class=&quot;ch…&gt;…&lt;/div&gt; subtree intercepts pointer events
- retrying click action, attempt #59
-   waiting 500ms
" type="com.microsoft.playwright.TimeoutError">
      <![CDATA[com.microsoft.playwright.TimeoutError: Error {
  message='Timeout 30000ms exceeded.
  name='TimeoutError
  stack='TimeoutError: Timeout 30000ms exceeded.
    at ProgressController.run (C:\Users\Neha\AppData\Local\Temp\playwright-java-4302565057248891745\package\lib\server\progress.js:78:26)
    at Frame.click (C:\Users\Neha\AppData\Local\Temp\playwright-java-4302565057248891745\package\lib\server\frames.js:996:23)
    at FrameDispatcher.click (C:\Users\Neha\AppData\Local\Temp\playwright-java-4302565057248891745\package\lib\server\dispatchers\frameDispatcher.js:158:30)
    at FrameDispatcher._handleCommand (C:\Users\Neha\AppData\Local\Temp\playwright-java-4302565057248891745\package\lib\server\dispatchers\dispatcher.js:94:40)
    at DispatcherConnection.dispatch (C:\Users\Neha\AppData\Local\Temp\playwright-java-4302565057248891745\package\lib\server\dispatchers\dispatcher.js:365:39)
}
Call log:
- waiting for locator("#operations-user-createUser button").first()
-   locator resolved to <button aria-expanded="false" class="opblock-summary-con…>…</button>
- attempting click action
-   waiting for element to be visible, enabled and stable
-   element is visible, enabled and stable
-   scrolling into view if needed
-   done scrolling
-   <div class="ch2-container ch2-theme-default  ch2-styl…>…</div> from <div data-region="eu" data-nosnippet="true" class="ch…>…</div> subtree intercepts pointer events
- retrying click action, attempt #1
-   waiting for element to be visible, enabled and stable
-   element is visible, enabled and stable
-   scrolling into view if needed
-   done scrolling
-   <div class="ch2-container ch2-theme-default  ch2-styl…>…</div> from <div data-region="eu" data-nosnippet="true" class="ch…>…</div> subtree intercepts pointer events
- retrying click action, attempt #2
-   waiting 20ms
-   waiting for element to be visible, enabled and stable
-   element is visible, enabled and stable
-   scrolling into view if needed
-   done scrolling
-   <div class="ch2-container ch2-theme-default  ch2-styl…>…</div> from <div data-region="eu" data-nosnippet="true" class="ch…>…</div> subtree intercepts pointer events
- retrying click action, attempt #3
-   waiting 100ms
-   waiting for element to be visible, enabled and stable
-   element is visible, enabled and stable
-   scrolling into view if needed
-   done scrolling
-   <div class="ch2-container ch2-theme-default  ch2-styl…>…</div> from <div data-region="eu" data-nosnippet="true" class="ch…>…</div> subtree intercepts pointer events
- retrying click action, attempt #4
-   waiting 100ms
-   waiting for element to be visible, enabled and stable
-   element is visible, enabled and stable
-   scrolling into view if needed
-   done scrolling
-   <div class="ch2-container ch2-theme-default  ch2-styl…>…</div> from <div data-region="eu" data-nosnippet="true" class="ch…>…</div> subtree intercepts pointer events
- retrying click action, attempt #5
-   waiting 500ms
-   waiting for element to be visible, enabled and stable
-   element is visible, enabled and stable
-   scrolling into view if needed
-   done scrolling
-   <div class="ch2-container ch2-theme-default  ch2-styl…>…</div> from <div data-region="eu" data-nosnippet="true" class="ch…>…</div> subtree intercepts pointer events
- retrying click action, attempt #6
-   waiting 500ms
-   waiting for element to be visible, enabled and stable
-   element is visible, enabled and stable
-   scrolling into view if needed
-   done scrolling
-   <div class="ch2-container ch2-theme-default  ch2-styl…>…</div> from <div data-region="eu" data-nosnippet="true" class="ch…>…</div> subtree intercepts pointer events
- retrying click action, attempt #7
-   waiting 500ms
-   waiting for element to be visible, enabled and stable
-   element is visible, enabled and stable
-   scrolling into view if needed
-   done scrolling
-   <div class="ch2-container ch2-theme-default  ch2-styl…>…</div> from <div data-region="eu" data-nosnippet="true" class="ch…>…</div> subtree intercepts pointer events
- retrying click action, attempt #8
-   waiting 500ms
-   waiting for element to be visible, enabled and stable
-   element is visible, enabled and stable
-   scrolling into view if needed
-   done scrolling
-   <div class="ch2-container ch2-theme-default  ch2-styl…>…</div> from <div data-region="eu" data-nosnippet="true" class="ch…>…</div> subtree intercepts pointer events
- retrying click action, attempt #9
-   waiting 500ms
-   waiting for element to be visible, enabled and stable
-   element is visible, enabled and stable
-   scrolling into view if needed
-   done scrolling
-   <div class="ch2-container ch2-theme-default  ch2-styl…>…</div> from <div data-region="eu" data-nosnippet="true" class="ch…>…</div> subtree intercepts pointer events
- retrying click action, attempt #10
-   waiting 500ms
-   waiting for element to be visible, enabled and stable
-   element is visible, enabled and stable
-   scrolling into view if needed
-   done scrolling
-   <div class="ch2-container ch2-theme-default  ch2-styl…>…</div> from <div data-region="eu" data-nosnippet="true" class="ch…>…</div> subtree intercepts pointer events
- retrying click action, attempt #11
-   waiting 500ms
-   waiting for element to be visible, enabled and stable
-   element is visible, enabled and stable
-   scrolling into view if needed
-   done scrolling
-   <div class="ch2-container ch2-theme-default  ch2-styl…>…</div> from <div data-region="eu" data-nosnippet="true" class="ch…>…</div> subtree intercepts pointer events
- retrying click action, attempt #12
-   waiting 500ms
-   waiting for element to be visible, enabled and stable
-   element is visible, enabled and stable
-   scrolling into view if needed
-   done scrolling
-   <div class="ch2-container ch2-theme-default  ch2-styl…>…</div> from <div data-region="eu" data-nosnippet="true" class="ch…>…</div> subtree intercepts pointer events
- retrying click action, attempt #13
-   waiting 500ms
-   waiting for element to be visible, enabled and stable
-   element is visible, enabled and stable
-   scrolling into view if needed
-   done scrolling
-   <div class="ch2-container ch2-theme-default  ch2-styl…>…</div> from <div data-region="eu" data-nosnippet="true" class="ch…>…</div> subtree intercepts pointer events
- retrying click action, attempt #14
-   waiting 500ms
-   waiting for element to be visible, enabled and stable
-   element is visible, enabled and stable
-   scrolling into view if needed
-   done scrolling
-   <div class="ch2-container ch2-theme-default  ch2-styl…>…</div> from <div data-region="eu" data-nosnippet="true" class="ch…>…</div> subtree intercepts pointer events
- retrying click action, attempt #15
-   waiting 500ms
-   waiting for element to be visible, enabled and stable
-   element is visible, enabled and stable
-   scrolling into view if needed
-   done scrolling
-   <div class="ch2-container ch2-theme-default  ch2-styl…>…</div> from <div data-region="eu" data-nosnippet="true" class="ch…>…</div> subtree intercepts pointer events
- retrying click action, attempt #16
-   waiting 500ms
-   waiting for element to be visible, enabled and stable
-   element is visible, enabled and stable
-   scrolling into view if needed
-   done scrolling
-   <div class="ch2-container ch2-theme-default  ch2-styl…>…</div> from <div data-region="eu" data-nosnippet="true" class="ch…>…</div> subtree intercepts pointer events
- retrying click action, attempt #17
-   waiting 500ms
-   waiting for element to be visible, enabled and stable
-   element is visible, enabled and stable
-   scrolling into view if needed
-   done scrolling
-   <div class="ch2-container ch2-theme-default  ch2-styl…>…</div> from <div data-region="eu" data-nosnippet="true" class="ch…>…</div> subtree intercepts pointer events
- retrying click action, attempt #18
-   waiting 500ms
-   waiting for element to be visible, enabled and stable
-   element is visible, enabled and stable
-   scrolling into view if needed
-   done scrolling
-   <div class="ch2-container ch2-theme-default  ch2-styl…>…</div> from <div data-region="eu" data-nosnippet="true" class="ch…>…</div> subtree intercepts pointer events
- retrying click action, attempt #19
-   waiting 500ms
-   waiting for element to be visible, enabled and stable
-   element is visible, enabled and stable
-   scrolling into view if needed
-   done scrolling
-   <div class="ch2-container ch2-theme-default  ch2-styl…>…</div> from <div data-region="eu" data-nosnippet="true" class="ch…>…</div> subtree intercepts pointer events
- retrying click action, attempt #20
-   waiting 500ms
-   waiting for element to be visible, enabled and stable
-   element is visible, enabled and stable
-   scrolling into view if needed
-   done scrolling
-   <div class="ch2-container ch2-theme-default  ch2-styl…>…</div> from <div data-region="eu" data-nosnippet="true" class="ch…>…</div> subtree intercepts pointer events
- retrying click action, attempt #21
-   waiting 500ms
-   waiting for element to be visible, enabled and stable
-   element is visible, enabled and stable
-   scrolling into view if needed
-   done scrolling
-   <div class="ch2-container ch2-theme-default  ch2-styl…>…</div> from <div data-region="eu" data-nosnippet="true" class="ch…>…</div> subtree intercepts pointer events
- retrying click action, attempt #22
-   waiting 500ms
-   waiting for element to be visible, enabled and stable
-   element is visible, enabled and stable
-   scrolling into view if needed
-   done scrolling
-   <div class="ch2-container ch2-theme-default  ch2-styl…>…</div> from <div data-region="eu" data-nosnippet="true" class="ch…>…</div> subtree intercepts pointer events
- retrying click action, attempt #23
-   waiting 500ms
-   waiting for element to be visible, enabled and stable
-   element is visible, enabled and stable
-   scrolling into view if needed
-   done scrolling
-   <div class="ch2-container ch2-theme-default  ch2-styl…>…</div> from <div data-region="eu" data-nosnippet="true" class="ch…>…</div> subtree intercepts pointer events
- retrying click action, attempt #24
-   waiting 500ms
-   waiting for element to be visible, enabled and stable
-   element is visible, enabled and stable
-   scrolling into view if needed
-   done scrolling
-   <div class="ch2-container ch2-theme-default  ch2-styl…>…</div> from <div data-region="eu" data-nosnippet="true" class="ch…>…</div> subtree intercepts pointer events
- retrying click action, attempt #25
-   waiting 500ms
-   waiting for element to be visible, enabled and stable
-   element is visible, enabled and stable
-   scrolling into view if needed
-   done scrolling
-   <div class="ch2-container ch2-theme-default  ch2-styl…>…</div> from <div data-region="eu" data-nosnippet="true" class="ch…>…</div> subtree intercepts pointer events
- retrying click action, attempt #26
-   waiting 500ms
-   waiting for element to be visible, enabled and stable
-   element is visible, enabled and stable
-   scrolling into view if needed
-   done scrolling
-   <div class="ch2-container ch2-theme-default  ch2-styl…>…</div> from <div data-region="eu" data-nosnippet="true" class="ch…>…</div> subtree intercepts pointer events
- retrying click action, attempt #27
-   waiting 500ms
-   waiting for element to be visible, enabled and stable
-   element is visible, enabled and stable
-   scrolling into view if needed
-   done scrolling
-   <div class="ch2-container ch2-theme-default  ch2-styl…>…</div> from <div data-region="eu" data-nosnippet="true" class="ch…>…</div> subtree intercepts pointer events
- retrying click action, attempt #28
-   waiting 500ms
-   waiting for element to be visible, enabled and stable
-   element is visible, enabled and stable
-   scrolling into view if needed
-   done scrolling
-   <div class="ch2-container ch2-theme-default  ch2-styl…>…</div> from <div data-region="eu" data-nosnippet="true" class="ch…>…</div> subtree intercepts pointer events
- retrying click action, attempt #29
-   waiting 500ms
-   waiting for element to be visible, enabled and stable
-   element is visible, enabled and stable
-   scrolling into view if needed
-   done scrolling
-   <div class="ch2-container ch2-theme-default  ch2-styl…>…</div> from <div data-region="eu" data-nosnippet="true" class="ch…>…</div> subtree intercepts pointer events
- retrying click action, attempt #30
-   waiting 500ms
-   waiting for element to be visible, enabled and stable
-   element is visible, enabled and stable
-   scrolling into view if needed
-   done scrolling
-   <div class="ch2-container ch2-theme-default  ch2-styl…>…</div> from <div data-region="eu" data-nosnippet="true" class="ch…>…</div> subtree intercepts pointer events
- retrying click action, attempt #31
-   waiting 500ms
-   waiting for element to be visible, enabled and stable
-   element is visible, enabled and stable
-   scrolling into view if needed
-   done scrolling
-   <div class="ch2-container ch2-theme-default  ch2-styl…>…</div> from <div data-region="eu" data-nosnippet="true" class="ch…>…</div> subtree intercepts pointer events
- retrying click action, attempt #32
-   waiting 500ms
-   waiting for element to be visible, enabled and stable
-   element is visible, enabled and stable
-   scrolling into view if needed
-   done scrolling
-   <div class="ch2-container ch2-theme-default  ch2-styl…>…</div> from <div data-region="eu" data-nosnippet="true" class="ch…>…</div> subtree intercepts pointer events
- retrying click action, attempt #33
-   waiting 500ms
-   waiting for element to be visible, enabled and stable
-   element is visible, enabled and stable
-   scrolling into view if needed
-   done scrolling
-   <div class="ch2-container ch2-theme-default  ch2-styl…>…</div> from <div data-region="eu" data-nosnippet="true" class="ch…>…</div> subtree intercepts pointer events
- retrying click action, attempt #34
-   waiting 500ms
-   waiting for element to be visible, enabled and stable
-   element is visible, enabled and stable
-   scrolling into view if needed
-   done scrolling
-   <div class="ch2-container ch2-theme-default  ch2-styl…>…</div> from <div data-region="eu" data-nosnippet="true" class="ch…>…</div> subtree intercepts pointer events
- retrying click action, attempt #35
-   waiting 500ms
-   waiting for element to be visible, enabled and stable
-   element is visible, enabled and stable
-   scrolling into view if needed
-   done scrolling
-   <div class="ch2-container ch2-theme-default  ch2-styl…>…</div> from <div data-region="eu" data-nosnippet="true" class="ch…>…</div> subtree intercepts pointer events
- retrying click action, attempt #36
-   waiting 500ms
-   waiting for element to be visible, enabled and stable
-   element is visible, enabled and stable
-   scrolling into view if needed
-   done scrolling
-   <div class="ch2-container ch2-theme-default  ch2-styl…>…</div> from <div data-region="eu" data-nosnippet="true" class="ch…>…</div> subtree intercepts pointer events
- retrying click action, attempt #37
-   waiting 500ms
-   waiting for element to be visible, enabled and stable
-   element is visible, enabled and stable
-   scrolling into view if needed
-   done scrolling
-   <div class="ch2-container ch2-theme-default  ch2-styl…>…</div> from <div data-region="eu" data-nosnippet="true" class="ch…>…</div> subtree intercepts pointer events
- retrying click action, attempt #38
-   waiting 500ms
-   waiting for element to be visible, enabled and stable
-   element is visible, enabled and stable
-   scrolling into view if needed
-   done scrolling
-   <div class="ch2-container ch2-theme-default  ch2-styl…>…</div> from <div data-region="eu" data-nosnippet="true" class="ch…>…</div> subtree intercepts pointer events
- retrying click action, attempt #39
-   waiting 500ms
-   waiting for element to be visible, enabled and stable
-   element is visible, enabled and stable
-   scrolling into view if needed
-   done scrolling
-   <div class="ch2-container ch2-theme-default  ch2-styl…>…</div> from <div data-region="eu" data-nosnippet="true" class="ch…>…</div> subtree intercepts pointer events
- retrying click action, attempt #40
-   waiting 500ms
-   waiting for element to be visible, enabled and stable
-   element is visible, enabled and stable
-   scrolling into view if needed
-   done scrolling
-   <div class="ch2-container ch2-theme-default  ch2-styl…>…</div> from <div data-region="eu" data-nosnippet="true" class="ch…>…</div> subtree intercepts pointer events
- retrying click action, attempt #41
-   waiting 500ms
-   waiting for element to be visible, enabled and stable
-   element is visible, enabled and stable
-   scrolling into view if needed
-   done scrolling
-   <div class="ch2-container ch2-theme-default  ch2-styl…>…</div> from <div data-region="eu" data-nosnippet="true" class="ch…>…</div> subtree intercepts pointer events
- retrying click action, attempt #42
-   waiting 500ms
-   waiting for element to be visible, enabled and stable
-   element is visible, enabled and stable
-   scrolling into view if needed
-   done scrolling
-   <div class="ch2-container ch2-theme-default  ch2-styl…>…</div> from <div data-region="eu" data-nosnippet="true" class="ch…>…</div> subtree intercepts pointer events
- retrying click action, attempt #43
-   waiting 500ms
-   waiting for element to be visible, enabled and stable
-   element is visible, enabled and stable
-   scrolling into view if needed
-   done scrolling
-   <div class="ch2-container ch2-theme-default  ch2-styl…>…</div> from <div data-region="eu" data-nosnippet="true" class="ch…>…</div> subtree intercepts pointer events
- retrying click action, attempt #44
-   waiting 500ms
-   waiting for element to be visible, enabled and stable
-   element is visible, enabled and stable
-   scrolling into view if needed
-   done scrolling
-   <div class="ch2-container ch2-theme-default  ch2-styl…>…</div> from <div data-region="eu" data-nosnippet="true" class="ch…>…</div> subtree intercepts pointer events
- retrying click action, attempt #45
-   waiting 500ms
-   waiting for element to be visible, enabled and stable
-   element is visible, enabled and stable
-   scrolling into view if needed
-   done scrolling
-   <div class="ch2-container ch2-theme-default  ch2-styl…>…</div> from <div data-region="eu" data-nosnippet="true" class="ch…>…</div> subtree intercepts pointer events
- retrying click action, attempt #46
-   waiting 500ms
-   waiting for element to be visible, enabled and stable
-   element is visible, enabled and stable
-   scrolling into view if needed
-   done scrolling
-   <div class="ch2-container ch2-theme-default  ch2-styl…>…</div> from <div data-region="eu" data-nosnippet="true" class="ch…>…</div> subtree intercepts pointer events
- retrying click action, attempt #47
-   waiting 500ms
-   waiting for element to be visible, enabled and stable
-   element is visible, enabled and stable
-   scrolling into view if needed
-   done scrolling
-   <div class="ch2-container ch2-theme-default  ch2-styl…>…</div> from <div data-region="eu" data-nosnippet="true" class="ch…>…</div> subtree intercepts pointer events
- retrying click action, attempt #48
-   waiting 500ms
-   waiting for element to be visible, enabled and stable
-   element is visible, enabled and stable
-   scrolling into view if needed
-   done scrolling
-   <div class="ch2-container ch2-theme-default  ch2-styl…>…</div> from <div data-region="eu" data-nosnippet="true" class="ch…>…</div> subtree intercepts pointer events
- retrying click action, attempt #49
-   waiting 500ms
-   waiting for element to be visible, enabled and stable
-   element is visible, enabled and stable
-   scrolling into view if needed
-   done scrolling
-   <div class="ch2-container ch2-theme-default  ch2-styl…>…</div> from <div data-region="eu" data-nosnippet="true" class="ch…>…</div> subtree intercepts pointer events
- retrying click action, attempt #50
-   waiting 500ms
-   waiting for element to be visible, enabled and stable
-   element is visible, enabled and stable
-   scrolling into view if needed
-   done scrolling
-   <div class="ch2-container ch2-theme-default  ch2-styl…>…</div> from <div data-region="eu" data-nosnippet="true" class="ch…>…</div> subtree intercepts pointer events
- retrying click action, attempt #51
-   waiting 500ms
-   waiting for element to be visible, enabled and stable
-   element is visible, enabled and stable
-   scrolling into view if needed
-   done scrolling
-   <div class="ch2-container ch2-theme-default  ch2-styl…>…</div> from <div data-region="eu" data-nosnippet="true" class="ch…>…</div> subtree intercepts pointer events
- retrying click action, attempt #52
-   waiting 500ms
-   waiting for element to be visible, enabled and stable
-   element is visible, enabled and stable
-   scrolling into view if needed
-   done scrolling
-   <div class="ch2-container ch2-theme-default  ch2-styl…>…</div> from <div data-region="eu" data-nosnippet="true" class="ch…>…</div> subtree intercepts pointer events
- retrying click action, attempt #53
-   waiting 500ms
-   waiting for element to be visible, enabled and stable
-   element is visible, enabled and stable
-   scrolling into view if needed
-   done scrolling
-   <div class="ch2-container ch2-theme-default  ch2-styl…>…</div> from <div data-region="eu" data-nosnippet="true" class="ch…>…</div> subtree intercepts pointer events
- retrying click action, attempt #54
-   waiting 500ms
-   waiting for element to be visible, enabled and stable
-   element is visible, enabled and stable
-   scrolling into view if needed
-   done scrolling
-   <div class="ch2-container ch2-theme-default  ch2-styl…>…</div> from <div data-region="eu" data-nosnippet="true" class="ch…>…</div> subtree intercepts pointer events
- retrying click action, attempt #55
-   waiting 500ms
-   waiting for element to be visible, enabled and stable
-   element is visible, enabled and stable
-   scrolling into view if needed
-   done scrolling
-   <div class="ch2-container ch2-theme-default  ch2-styl…>…</div> from <div data-region="eu" data-nosnippet="true" class="ch…>…</div> subtree intercepts pointer events
- retrying click action, attempt #56
-   waiting 500ms
-   waiting for element to be visible, enabled and stable
-   element is visible, enabled and stable
-   scrolling into view if needed
-   done scrolling
-   <div class="ch2-container ch2-theme-default  ch2-styl…>…</div> from <div data-region="eu" data-nosnippet="true" class="ch…>…</div> subtree intercepts pointer events
- retrying click action, attempt #57
-   waiting 500ms
-   waiting for element to be visible, enabled and stable
-   element is visible, enabled and stable
-   scrolling into view if needed
-   done scrolling
-   <div class="ch2-container ch2-theme-default  ch2-styl…>…</div> from <div data-region="eu" data-nosnippet="true" class="ch…>…</div> subtree intercepts pointer events
- retrying click action, attempt #58
-   waiting 500ms
-   waiting for element to be visible, enabled and stable
-   element is visible, enabled and stable
-   scrolling into view if needed
-   done scrolling
-   <div class="ch2-container ch2-theme-default  ch2-styl…>…</div> from <div data-region="eu" data-nosnippet="true" class="ch…>…</div> subtree intercepts pointer events
- retrying click action, attempt #59
-   waiting 500ms

at com.microsoft.playwright.impl.WaitableResult.get(WaitableResult.java:52)
at com.microsoft.playwright.impl.ChannelOwner.runUntil(ChannelOwner.java:120)
at com.microsoft.playwright.impl.Connection.sendMessage(Connection.java:130)
at com.microsoft.playwright.impl.ChannelOwner.sendMessage(ChannelOwner.java:106)
at com.microsoft.playwright.impl.FrameImpl.clickImpl(FrameImpl.java:252)
at com.microsoft.playwright.impl.FrameImpl.lambda$click$8(FrameImpl.java:243)
at com.microsoft.playwright.impl.LoggingSupport.lambda$withLogging$0(LoggingSupport.java:36)
at com.microsoft.playwright.impl.LoggingSupport.withLogging(LoggingSupport.java:47)
at com.microsoft.playwright.impl.ChannelOwner.withLogging(ChannelOwner.java:89)
at com.microsoft.playwright.impl.LoggingSupport.withLogging(LoggingSupport.java:35)
at com.microsoft.playwright.impl.FrameImpl.click(FrameImpl.java:243)
at com.microsoft.playwright.impl.LocatorImpl.click(LocatorImpl.java:156)
at com.microsoft.playwright.Locator.click(Locator.java:2387)
at ui.SwaggerUITest.testCreateUserFromUI(SwaggerUITest.java:24)
at java.base/jdk.internal.reflect.DirectMethodHandleAccessor.invoke(DirectMethodHandleAccessor.java:103)
at java.base/java.lang.reflect.Method.invoke(Method.java:580)
at org.testng.internal.invokers.MethodInvocationHelper.invokeMethod(MethodInvocationHelper.java:139)
at org.testng.internal.invokers.TestInvoker.invokeMethod(TestInvoker.java:664)
at org.testng.internal.invokers.TestInvoker.invokeTestMethod(TestInvoker.java:228)
at org.testng.internal.invokers.MethodRunner.runInSequence(MethodRunner.java:63)
at org.testng.internal.invokers.TestInvoker$MethodInvocationAgent.invoke(TestInvoker.java:961)
at org.testng.internal.invokers.TestInvoker.invokeTestMethods(TestInvoker.java:201)
at org.testng.internal.invokers.TestMethodWorker.invokeTestMethods(TestMethodWorker.java:148)
at org.testng.internal.invokers.TestMethodWorker.run(TestMethodWorker.java:128)
at java.base/java.util.ArrayList.forEach(ArrayList.java:1597)
at org.testng.TestRunner.privateRun(TestRunner.java:819)
at org.testng.TestRunner.run(TestRunner.java:619)
at org.testng.SuiteRunner.runTest(SuiteRunner.java:443)
at org.testng.SuiteRunner.runSequentially(SuiteRunner.java:437)
at org.testng.SuiteRunner.privateRun(SuiteRunner.java:397)
at org.testng.SuiteRunner.run(SuiteRunner.java:336)
at org.testng.SuiteRunnerWorker.runSuite(SuiteRunnerWorker.java:52)
at org.testng.SuiteRunnerWorker.run(SuiteRunnerWorker.java:95)
at org.testng.TestNG.runSuitesSequentially(TestNG.java:1301)
at org.testng.TestNG.runSuitesLocally(TestNG.java:1228)
at org.testng.TestNG.runSuites(TestNG.java:1134)
at org.testng.TestNG.run(TestNG.java:1101)
at org.testng.remote.AbstractRemoteTestNG.run(AbstractRemoteTestNG.java:115)
at org.testng.remote.RemoteTestNG.initAndRun(RemoteTestNG.java:293)
at org.testng.remote.RemoteTestNG.main(RemoteTestNG.java:91)
Caused by: com.microsoft.playwright.TimeoutError: Error {
  message='Timeout 30000ms exceeded.
  name='TimeoutError
  stack='TimeoutError: Timeout 30000ms exceeded.
    at ProgressController.run (C:\Users\Neha\AppData\Local\Temp\playwright-java-4302565057248891745\package\lib\server\progress.js:78:26)
    at Frame.click (C:\Users\Neha\AppData\Local\Temp\playwright-java-4302565057248891745\package\lib\server\frames.js:996:23)
    at FrameDispatcher.click (C:\Users\Neha\AppData\Local\Temp\playwright-java-4302565057248891745\package\lib\server\dispatchers\frameDispatcher.js:158:30)
    at FrameDispatcher._handleCommand (C:\Users\Neha\AppData\Local\Temp\playwright-java-4302565057248891745\package\lib\server\dispatchers\dispatcher.js:94:40)
    at DispatcherConnection.dispatch (C:\Users\Neha\AppData\Local\Temp\playwright-java-4302565057248891745\package\lib\server\dispatchers\dispatcher.js:365:39)
}
Call log:
- waiting for locator("#operations-user-createUser button").first()
-   locator resolved to <button aria-expanded="false" class="opblock-summary-con…>…</button>
- attempting click action
-   waiting for element to be visible, enabled and stable
-   element is visible, enabled and stable
-   scrolling into view if needed
-   done scrolling
-   <div class="ch2-container ch2-theme-default  ch2-styl…>…</div> from <div data-region="eu" data-nosnippet="true" class="ch…>…</div> subtree intercepts pointer events
- retrying click action, attempt #1
-   waiting for element to be visible, enabled and stable
-   element is visible, enabled and stable
-   scrolling into view if needed
-   done scrolling
-   <div class="ch2-container ch2-theme-default  ch2-styl…>…</div> from <div data-region="eu" data-nosnippet="true" class="ch…>…</div> subtree intercepts pointer events
- retrying click action, attempt #2
-   waiting 20ms
-   waiting for element to be visible, enabled and stable
-   element is visible, enabled and stable
-   scrolling into view if needed
-   done scrolling
-   <div class="ch2-container ch2-theme-default  ch2-styl…>…</div> from <div data-region="eu" data-nosnippet="true" class="ch…>…</div> subtree intercepts pointer events
- retrying click action, attempt #3
-   waiting 100ms
-   waiting for element to be visible, enabled and stable
-   element is visible, enabled and stable
-   scrolling into view if needed
-   done scrolling
-   <div class="ch2-container ch2-theme-default  ch2-styl…>…</div> from <div data-region="eu" data-nosnippet="true" class="ch…>…</div> subtree intercepts pointer events
- retrying click action, attempt #4
-   waiting 100ms
-   waiting for element to be visible, enabled and stable
-   element is visible, enabled and stable
-   scrolling into view if needed
-   done scrolling
-   <div class="ch2-container ch2-theme-default  ch2-styl…>…</div> from <div data-region="eu" data-nosnippet="true" class="ch…>…</div> subtree intercepts pointer events
- retrying click action, attempt #5
-   waiting 500ms
-   waiting for element to be visible, enabled and stable
-   element is visible, enabled and stable
-   scrolling into view if needed
-   done scrolling
-   <div class="ch2-container ch2-theme-default  ch2-styl…>…</div> from <div data-region="eu" data-nosnippet="true" class="ch…>…</div> subtree intercepts pointer events
- retrying click action, attempt #6
-   waiting 500ms
-   waiting for element to be visible, enabled and stable
-   element is visible, enabled and stable
-   scrolling into view if needed
-   done scrolling
-   <div class="ch2-container ch2-theme-default  ch2-styl…>…</div> from <div data-region="eu" data-nosnippet="true" class="ch…>…</div> subtree intercepts pointer events
- retrying click action, attempt #7
-   waiting 500ms
-   waiting for element to be visible, enabled and stable
-   element is visible, enabled and stable
-   scrolling into view if needed
-   done scrolling
-   <div class="ch2-container ch2-theme-default  ch2-styl…>…</div> from <div data-region="eu" data-nosnippet="true" class="ch…>…</div> subtree intercepts pointer events
- retrying click action, attempt #8
-   waiting 500ms
-   waiting for element to be visible, enabled and stable
-   element is visible, enabled and stable
-   scrolling into view if needed
-   done scrolling
-   <div class="ch2-container ch2-theme-default  ch2-styl…>…</div> from <div data-region="eu" data-nosnippet="true" class="ch…>…</div> subtree intercepts pointer events
- retrying click action, attempt #9
-   waiting 500ms
-   waiting for element to be visible, enabled and stable
-   element is visible, enabled and stable
-   scrolling into view if needed
-   done scrolling
-   <div class="ch2-container ch2-theme-default  ch2-styl…>…</div> from <div data-region="eu" data-nosnippet="true" class="ch…>…</div> subtree intercepts pointer events
- retrying click action, attempt #10
-   waiting 500ms
-   waiting for element to be visible, enabled and stable
-   element is visible, enabled and stable
-   scrolling into view if needed
-   done scrolling
-   <div class="ch2-container ch2-theme-default  ch2-styl…>…</div> from <div data-region="eu" data-nosnippet="true" class="ch…>…</div> subtree intercepts pointer events
- retrying click action, attempt #11
-   waiting 500ms
-   waiting for element to be visible, enabled and stable
-   element is visible, enabled and stable
-   scrolling into view if needed
-   done scrolling
-   <div class="ch2-container ch2-theme-default  ch2-styl…>…</div> from <div data-region="eu" data-nosnippet="true" class="ch…>…</div> subtree intercepts pointer events
- retrying click action, attempt #12
-   waiting 500ms
-   waiting for element to be visible, enabled and stable
-   element is visible, enabled and stable
-   scrolling into view if needed
-   done scrolling
-   <div class="ch2-container ch2-theme-default  ch2-styl…>…</div> from <div data-region="eu" data-nosnippet="true" class="ch…>…</div> subtree intercepts pointer events
- retrying click action, attempt #13
-   waiting 500ms
-   waiting for element to be visible, enabled and stable
-   element is visible, enabled and stable
-   scrolling into view if needed
-   done scrolling
-   <div class="ch2-container ch2-theme-default  ch2-styl…>…</div> from <div data-region="eu" data-nosnippet="true" class="ch…>…</div> subtree intercepts pointer events
- retrying click action, attempt #14
-   waiting 500ms
-   waiting for element to be visible, enabled and stable
-   element is visible, enabled and stable
-   scrolling into view if needed
-   done scrolling
-   <div class="ch2-container ch2-theme-default  ch2-styl…>…</div> from <div data-region="eu" data-nosnippet="true" class="ch…>…</div> subtree intercepts pointer events
- retrying click action, attempt #15
-   waiting 500ms
-   waiting for element to be visible, enabled and stable
-   element is visible, enabled and stable
-   scrolling into view if needed
-   done scrolling
-   <div class="ch2-container ch2-theme-default  ch2-styl…>…</div> from <div data-region="eu" data-nosnippet="true" class="ch…>…</div> subtree intercepts pointer events
- retrying click action, attempt #16
-   waiting 500ms
-   waiting for element to be visible, enabled and stable
-   element is visible, enabled and stable
-   scrolling into view if needed
-   done scrolling
-   <div class="ch2-container ch2-theme-default  ch2-styl…>…</div> from <div data-region="eu" data-nosnippet="true" class="ch…>…</div> subtree intercepts pointer events
- retrying click action, attempt #17
-   waiting 500ms
-   waiting for element to be visible, enabled and stable
-   element is visible, enabled and stable
-   scrolling into view if needed
-   done scrolling
-   <div class="ch2-container ch2-theme-default  ch2-styl…>…</div> from <div data-region="eu" data-nosnippet="true" class="ch…>…</div> subtree intercepts pointer events
- retrying click action, attempt #18
-   waiting 500ms
-   waiting for element to be visible, enabled and stable
-   element is visible, enabled and stable
-   scrolling into view if needed
-   done scrolling
-   <div class="ch2-container ch2-theme-default  ch2-styl…>…</div> from <div data-region="eu" data-nosnippet="true" class="ch…>…</div> subtree intercepts pointer events
- retrying click action, attempt #19
-   waiting 500ms
-   waiting for element to be visible, enabled and stable
-   element is visible, enabled and stable
-   scrolling into view if needed
-   done scrolling
-   <div class="ch2-container ch2-theme-default  ch2-styl…>…</div> from <div data-region="eu" data-nosnippet="true" class="ch…>…</div> subtree intercepts pointer events
- retrying click action, attempt #20
-   waiting 500ms
-   waiting for element to be visible, enabled and stable
-   element is visible, enabled and stable
-   scrolling into view if needed
-   done scrolling
-   <div class="ch2-container ch2-theme-default  ch2-styl…>…</div> from <div data-region="eu" data-nosnippet="true" class="ch…>…</div> subtree intercepts pointer events
- retrying click action, attempt #21
-   waiting 500ms
-   waiting for element to be visible, enabled and stable
-   element is visible, enabled and stable
-   scrolling into view if needed
-   done scrolling
-   <div class="ch2-container ch2-theme-default  ch2-styl…>…</div> from <div data-region="eu" data-nosnippet="true" class="ch…>…</div> subtree intercepts pointer events
- retrying click action, attempt #22
-   waiting 500ms
-   waiting for element to be visible, enabled and stable
-   element is visible, enabled and stable
-   scrolling into view if needed
-   done scrolling
-   <div class="ch2-container ch2-theme-default  ch2-styl…>…</div> from <div data-region="eu" data-nosnippet="true" class="ch…>…</div> subtree intercepts pointer events
- retrying click action, attempt #23
-   waiting 500ms
-   waiting for element to be visible, enabled and stable
-   element is visible, enabled and stable
-   scrolling into view if needed
-   done scrolling
-   <div class="ch2-container ch2-theme-default  ch2-styl…>…</div> from <div data-region="eu" data-nosnippet="true" class="ch…>…</div> subtree intercepts pointer events
- retrying click action, attempt #24
-   waiting 500ms
-   waiting for element to be visible, enabled and stable
-   element is visible, enabled and stable
-   scrolling into view if needed
-   done scrolling
-   <div class="ch2-container ch2-theme-default  ch2-styl…>…</div> from <div data-region="eu" data-nosnippet="true" class="ch…>…</div> subtree intercepts pointer events
- retrying click action, attempt #25
-   waiting 500ms
-   waiting for element to be visible, enabled and stable
-   element is visible, enabled and stable
-   scrolling into view if needed
-   done scrolling
-   <div class="ch2-container ch2-theme-default  ch2-styl…>…</div> from <div data-region="eu" data-nosnippet="true" class="ch…>…</div> subtree intercepts pointer events
- retrying click action, attempt #26
-   waiting 500ms
-   waiting for element to be visible, enabled and stable
-   element is visible, enabled and stable
-   scrolling into view if needed
-   done scrolling
-   <div class="ch2-container ch2-theme-default  ch2-styl…>…</div> from <div data-region="eu" data-nosnippet="true" class="ch…>…</div> subtree intercepts pointer events
- retrying click action, attempt #27
-   waiting 500ms
-   waiting for element to be visible, enabled and stable
-   element is visible, enabled and stable
-   scrolling into view if needed
-   done scrolling
-   <div class="ch2-container ch2-theme-default  ch2-styl…>…</div> from <div data-region="eu" data-nosnippet="true" class="ch…>…</div> subtree intercepts pointer events
- retrying click action, attempt #28
-   waiting 500ms
-   waiting for element to be visible, enabled and stable
-   element is visible, enabled and stable
-   scrolling into view if needed
-   done scrolling
-   <div class="ch2-container ch2-theme-default  ch2-styl…>…</div> from <div data-region="eu" data-nosnippet="true" class="ch…>…</div> subtree intercepts pointer events
- retrying click action, attempt #29
-   waiting 500ms
-   waiting for element to be visible, enabled and stable
-   element is visible, enabled and stable
-   scrolling into view if needed
-   done scrolling
-   <div class="ch2-container ch2-theme-default  ch2-styl…>…</div> from <div data-region="eu" data-nosnippet="true" class="ch…>…</div> subtree intercepts pointer events
- retrying click action, attempt #30
-   waiting 500ms
-   waiting for element to be visible, enabled and stable
-   element is visible, enabled and stable
-   scrolling into view if needed
-   done scrolling
-   <div class="ch2-container ch2-theme-default  ch2-styl…>…</div> from <div data-region="eu" data-nosnippet="true" class="ch…>…</div> subtree intercepts pointer events
- retrying click action, attempt #31
-   waiting 500ms
-   waiting for element to be visible, enabled and stable
-   element is visible, enabled and stable
-   scrolling into view if needed
-   done scrolling
-   <div class="ch2-container ch2-theme-default  ch2-styl…>…</div> from <div data-region="eu" data-nosnippet="true" class="ch…>…</div> subtree intercepts pointer events
- retrying click action, attempt #32
-   waiting 500ms
-   waiting for element to be visible, enabled and stable
-   element is visible, enabled and stable
-   scrolling into view if needed
-   done scrolling
-   <div class="ch2-container ch2-theme-default  ch2-styl…>…</div> from <div data-region="eu" data-nosnippet="true" class="ch…>…</div> subtree intercepts pointer events
- retrying click action, attempt #33
-   waiting 500ms
-   waiting for element to be visible, enabled and stable
-   element is visible, enabled and stable
-   scrolling into view if needed
-   done scrolling
-   <div class="ch2-container ch2-theme-default  ch2-styl…>…</div> from <div data-region="eu" data-nosnippet="true" class="ch…>…</div> subtree intercepts pointer events
- retrying click action, attempt #34
-   waiting 500ms
-   waiting for element to be visible, enabled and stable
-   element is visible, enabled and stable
-   scrolling into view if needed
-   done scrolling
-   <div class="ch2-container ch2-theme-default  ch2-styl…>…</div> from <div data-region="eu" data-nosnippet="true" class="ch…>…</div> subtree intercepts pointer events
- retrying click action, attempt #35
-   waiting 500ms
-   waiting for element to be visible, enabled and stable
-   element is visible, enabled and stable
-   scrolling into view if needed
-   done scrolling
-   <div class="ch2-container ch2-theme-default  ch2-styl…>…</div> from <div data-region="eu" data-nosnippet="true" class="ch…>…</div> subtree intercepts pointer events
- retrying click action, attempt #36
-   waiting 500ms
-   waiting for element to be visible, enabled and stable
-   element is visible, enabled and stable
-   scrolling into view if needed
-   done scrolling
-   <div class="ch2-container ch2-theme-default  ch2-styl…>…</div> from <div data-region="eu" data-nosnippet="true" class="ch…>…</div> subtree intercepts pointer events
- retrying click action, attempt #37
-   waiting 500ms
-   waiting for element to be visible, enabled and stable
-   element is visible, enabled and stable
-   scrolling into view if needed
-   done scrolling
-   <div class="ch2-container ch2-theme-default  ch2-styl…>…</div> from <div data-region="eu" data-nosnippet="true" class="ch…>…</div> subtree intercepts pointer events
- retrying click action, attempt #38
-   waiting 500ms
-   waiting for element to be visible, enabled and stable
-   element is visible, enabled and stable
-   scrolling into view if needed
-   done scrolling
-   <div class="ch2-container ch2-theme-default  ch2-styl…>…</div> from <div data-region="eu" data-nosnippet="true" class="ch…>…</div> subtree intercepts pointer events
- retrying click action, attempt #39
-   waiting 500ms
-   waiting for element to be visible, enabled and stable
-   element is visible, enabled and stable
-   scrolling into view if needed
-   done scrolling
-   <div class="ch2-container ch2-theme-default  ch2-styl…>…</div> from <div data-region="eu" data-nosnippet="true" class="ch…>…</div> subtree intercepts pointer events
- retrying click action, attempt #40
-   waiting 500ms
-   waiting for element to be visible, enabled and stable
-   element is visible, enabled and stable
-   scrolling into view if needed
-   done scrolling
-   <div class="ch2-container ch2-theme-default  ch2-styl…>…</div> from <div data-region="eu" data-nosnippet="true" class="ch…>…</div> subtree intercepts pointer events
- retrying click action, attempt #41
-   waiting 500ms
-   waiting for element to be visible, enabled and stable
-   element is visible, enabled and stable
-   scrolling into view if needed
-   done scrolling
-   <div class="ch2-container ch2-theme-default  ch2-styl…>…</div> from <div data-region="eu" data-nosnippet="true" class="ch…>…</div> subtree intercepts pointer events
- retrying click action, attempt #42
-   waiting 500ms
-   waiting for element to be visible, enabled and stable
-   element is visible, enabled and stable
-   scrolling into view if needed
-   done scrolling
-   <div class="ch2-container ch2-theme-default  ch2-styl…>…</div> from <div data-region="eu" data-nosnippet="true" class="ch…>…</div> subtree intercepts pointer events
- retrying click action, attempt #43
-   waiting 500ms
-   waiting for element to be visible, enabled and stable
-   element is visible, enabled and stable
-   scrolling into view if needed
-   done scrolling
-   <div class="ch2-container ch2-theme-default  ch2-styl…>…</div> from <div data-region="eu" data-nosnippet="true" class="ch…>…</div> subtree intercepts pointer events
- retrying click action, attempt #44
-   waiting 500ms
-   waiting for element to be visible, enabled and stable
-   element is visible, enabled and stable
-   scrolling into view if needed
-   done scrolling
-   <div class="ch2-container ch2-theme-default  ch2-styl…>…</div> from <div data-region="eu" data-nosnippet="true" class="ch…>…</div> subtree intercepts pointer events
- retrying click action, attempt #45
-   waiting 500ms
-   waiting for element to be visible, enabled and stable
-   element is visible, enabled and stable
-   scrolling into view if needed
-   done scrolling
-   <div class="ch2-container ch2-theme-default  ch2-styl…>…</div> from <div data-region="eu" data-nosnippet="true" class="ch…>…</div> subtree intercepts pointer events
- retrying click action, attempt #46
-   waiting 500ms
-   waiting for element to be visible, enabled and stable
-   element is visible, enabled and stable
-   scrolling into view if needed
-   done scrolling
-   <div class="ch2-container ch2-theme-default  ch2-styl…>…</div> from <div data-region="eu" data-nosnippet="true" class="ch…>…</div> subtree intercepts pointer events
- retrying click action, attempt #47
-   waiting 500ms
-   waiting for element to be visible, enabled and stable
-   element is visible, enabled and stable
-   scrolling into view if needed
-   done scrolling
-   <div class="ch2-container ch2-theme-default  ch2-styl…>…</div> from <div data-region="eu" data-nosnippet="true" class="ch…>…</div> subtree intercepts pointer events
- retrying click action, attempt #48
-   waiting 500ms
-   waiting for element to be visible, enabled and stable
-   element is visible, enabled and stable
-   scrolling into view if needed
-   done scrolling
-   <div class="ch2-container ch2-theme-default  ch2-styl…>…</div> from <div data-region="eu" data-nosnippet="true" class="ch…>…</div> subtree intercepts pointer events
- retrying click action, attempt #49
-   waiting 500ms
-   waiting for element to be visible, enabled and stable
-   element is visible, enabled and stable
-   scrolling into view if needed
-   done scrolling
-   <div class="ch2-container ch2-theme-default  ch2-styl…>…</div> from <div data-region="eu" data-nosnippet="true" class="ch…>…</div> subtree intercepts pointer events
- retrying click action, attempt #50
-   waiting 500ms
-   waiting for element to be visible, enabled and stable
-   element is visible, enabled and stable
-   scrolling into view if needed
-   done scrolling
-   <div class="ch2-container ch2-theme-default  ch2-styl…>…</div> from <div data-region="eu" data-nosnippet="true" class="ch…>…</div> subtree intercepts pointer events
- retrying click action, attempt #51
-   waiting 500ms
-   waiting for element to be visible, enabled and stable
-   element is visible, enabled and stable
-   scrolling into view if needed
-   done scrolling
-   <div class="ch2-container ch2-theme-default  ch2-styl…>…</div> from <div data-region="eu" data-nosnippet="true" class="ch…>…</div> subtree intercepts pointer events
- retrying click action, attempt #52
-   waiting 500ms
-   waiting for element to be visible, enabled and stable
-   element is visible, enabled and stable
-   scrolling into view if needed
-   done scrolling
-   <div class="ch2-container ch2-theme-default  ch2-styl…>…</div> from <div data-region="eu" data-nosnippet="true" class="ch…>…</div> subtree intercepts pointer events
- retrying click action, attempt #53
-   waiting 500ms
-   waiting for element to be visible, enabled and stable
-   element is visible, enabled and stable
-   scrolling into view if needed
-   done scrolling
-   <div class="ch2-container ch2-theme-default  ch2-styl…>…</div> from <div data-region="eu" data-nosnippet="true" class="ch…>…</div> subtree intercepts pointer events
- retrying click action, attempt #54
-   waiting 500ms
-   waiting for element to be visible, enabled and stable
-   element is visible, enabled and stable
-   scrolling into view if needed
-   done scrolling
-   <div class="ch2-container ch2-theme-default  ch2-styl…>…</div> from <div data-region="eu" data-nosnippet="true" class="ch…>…</div> subtree intercepts pointer events
- retrying click action, attempt #55
-   waiting 500ms
-   waiting for element to be visible, enabled and stable
-   element is visible, enabled and stable
-   scrolling into view if needed
-   done scrolling
-   <div class="ch2-container ch2-theme-default  ch2-styl…>…</div> from <div data-region="eu" data-nosnippet="true" class="ch…>…</div> subtree intercepts pointer events
- retrying click action, attempt #56
-   waiting 500ms
-   waiting for element to be visible, enabled and stable
-   element is visible, enabled and stable
-   scrolling into view if needed
-   done scrolling
-   <div class="ch2-container ch2-theme-default  ch2-styl…>…</div> from <div data-region="eu" data-nosnippet="true" class="ch…>…</div> subtree intercepts pointer events
- retrying click action, attempt #57
-   waiting 500ms
-   waiting for element to be visible, enabled and stable
-   element is visible, enabled and stable
-   scrolling into view if needed
-   done scrolling
-   <div class="ch2-container ch2-theme-default  ch2-styl…>…</div> from <div data-region="eu" data-nosnippet="true" class="ch…>…</div> subtree intercepts pointer events
- retrying click action, attempt #58
-   waiting 500ms
-   waiting for element to be visible, enabled and stable
-   element is visible, enabled and stable
-   scrolling into view if needed
-   done scrolling
-   <div class="ch2-container ch2-theme-default  ch2-styl…>…</div> from <div data-region="eu" data-nosnippet="true" class="ch…>…</div> subtree intercepts pointer events
- retrying click action, attempt #59
-   waiting 500ms

at com.microsoft.playwright.impl.Connection.dispatch(Connection.java:254)
at com.microsoft.playwright.impl.Connection.processOneMessage(Connection.java:211)
at com.microsoft.playwright.impl.ChannelOwner.runUntil(ChannelOwner.java:118)
... 38 more
]]>
    </error>
  </testcase> <!-- testCreateUserFromUI -->
  <testcase classname="ui.SwaggerUITest" name="testGetUserByNameFromUI" time="39.151">
    <error message="Error {
  message=&#039;Timeout 30000ms exceeded.
  name=&#039;TimeoutError
  stack=&#039;TimeoutError: Timeout 30000ms exceeded.
    at ProgressController.run (C:\Users\Neha\AppData\Local\Temp\playwright-java-4302565057248891745\package\lib\server\progress.js:78:26)
    at Frame.click (C:\Users\Neha\AppData\Local\Temp\playwright-java-4302565057248891745\package\lib\server\frames.js:996:23)
    at FrameDispatcher.click (C:\Users\Neha\AppData\Local\Temp\playwright-java-4302565057248891745\package\lib\server\dispatchers\frameDispatcher.js:158:30)
    at FrameDispatcher._handleCommand (C:\Users\Neha\AppData\Local\Temp\playwright-java-4302565057248891745\package\lib\server\dispatchers\dispatcher.js:94:40)
    at DispatcherConnection.dispatch (C:\Users\Neha\AppData\Local\Temp\playwright-java-4302565057248891745\package\lib\server\dispatchers\dispatcher.js:365:39)
}
Call log:
- waiting for locator(&quot;#operations-user-getUserByName button&quot;).first()
-   locator resolved to &lt;button aria-expanded=&quot;false&quot; class=&quot;opblock-summary-con…&gt;…&lt;/button&gt;
- attempting click action
-   waiting for element to be visible, enabled and stable
-   element is visible, enabled and stable
-   scrolling into view if needed
-   done scrolling
-   &lt;div class=&quot;ch2-container ch2-theme-default  ch2-styl…&gt;…&lt;/div&gt; from &lt;div data-region=&quot;eu&quot; data-nosnippet=&quot;true&quot; class=&quot;ch…&gt;…&lt;/div&gt; subtree intercepts pointer events
- retrying click action, attempt #1
-   waiting for element to be visible, enabled and stable
-   element is visible, enabled and stable
-   scrolling into view if needed
-   done scrolling
-   &lt;div class=&quot;ch2-container ch2-theme-default  ch2-styl…&gt;…&lt;/div&gt; from &lt;div data-region=&quot;eu&quot; data-nosnippet=&quot;true&quot; class=&quot;ch…&gt;…&lt;/div&gt; subtree intercepts pointer events
- retrying click action, attempt #2
-   waiting 20ms
-   waiting for element to be visible, enabled and stable
-   element is visible, enabled and stable
-   scrolling into view if needed
-   done scrolling
-   &lt;div class=&quot;ch2-container ch2-theme-default  ch2-styl…&gt;…&lt;/div&gt; from &lt;div data-region=&quot;eu&quot; data-nosnippet=&quot;true&quot; class=&quot;ch…&gt;…&lt;/div&gt; subtree intercepts pointer events
- retrying click action, attempt #3
-   waiting 100ms
-   waiting for element to be visible, enabled and stable
-   element is visible, enabled and stable
-   scrolling into view if needed
-   done scrolling
-   &lt;div class=&quot;ch2-container ch2-theme-default  ch2-styl…&gt;…&lt;/div&gt; from &lt;div data-region=&quot;eu&quot; data-nosnippet=&quot;true&quot; class=&quot;ch…&gt;…&lt;/div&gt; subtree intercepts pointer events
- retrying click action, attempt #4
-   waiting 100ms
-   waiting for element to be visible, enabled and stable
-   element is visible, enabled and stable
-   scrolling into view if needed
[...]
-   element is visible, enabled and stable
-   scrolling into view if needed
-   done scrolling
-   <div class="ch2-container ch2-theme-default  ch2-styl…>…</div> from <div data-region="eu" data-nosnippet="true" class="ch…>…</div> subtree intercepts pointer events
- retrying click action, attempt #9
-   waiting 500ms
-   waiting for element to be visible, enabled and stable
-   element is visible, enabled and stable
-   scrolling into view if needed
-   done scrolling
-   <div class="ch2-container ch2-theme-default  ch2-styl…>…</div> from <div data-region="eu" data-nosnippet="true" class="ch…>…</div> subtree intercepts pointer events
- retrying click action, attempt #10
-   waiting 500ms
-   waiting for element to be visible, enabled and stable
-   element is visible, enabled and stable
-   scrolling into view if needed
-   done scrolling
-   <div class="ch2-container ch2-theme-default  ch2-styl…>…</div> from <div data-region="eu" data-nosnippet="true" class="ch…>…</div> subtree intercepts pointer events
- retrying click action, attempt #11
-   waiting 500ms
-   waiting for element to be visible, enabled and stable
-   element is visible, enabled and stable
-   scrolling into view if needed
-   done scrolling
-   <div class="ch2-container ch2-theme-default  ch2-styl…>…</div> from <div data-region="eu" data-nosnippet="true" class="ch…>…</div> subtree intercepts pointer events
- retrying click action, attempt #12
-   waiting 500ms
-   waiting for element to be visible, enabled and stable
-   element is visible, enabled and stable
-   scrolling into view if needed
-   done scrolling
-   <div class="ch2-container ch2-theme-default  ch2-styl…>…</div> from <div data-region="eu" data-nosnippet="true" class="ch…>…</div> subtree intercepts pointer events
- retrying click action, attempt #13
-   waiting 500ms
-   waiting for element to be visible, enabled and stable
-   element is visible, enabled and stable
-   scrolling into view if needed
-   done scrolling
-   <div class="ch2-container ch2-theme-default  ch2-styl…>…</div> from <div data-region="eu" data-nosnippet="true" class="ch…>…</div> subtree intercepts pointer events
- retrying click action, attempt #14
-   waiting 500ms
-   waiting for element to be visible, enabled and stable
-   element is visible, enabled and stable
-   scrolling into view if needed
-   done scrolling
-   <div class="ch2-container ch2-theme-default  ch2-styl…>…</div> from <div data-region="eu" data-nosnippet="true" class="ch…>…</div> subtree intercepts pointer events
- retrying click action, attempt #15
-   waiting 500ms
-   waiting for element to be visible, enabled and stable
-   element is visible, enabled and stable
-   scrolling into view if needed
-   done scrolling
-   <div class="ch2-container ch2-theme-default  ch2-styl…>…</div> from <div data-region="eu" data-nosnippet="true" class="ch…>…</div> subtree intercepts pointer events
- retrying click action, attempt #16
-   waiting 500ms
-   waiting for element to be visible, enabled and stable
-   element is visible, enabled and stable
-   scrolling into view if needed
-   done scrolling
-   <div class="ch2-container ch2-theme-default  ch2-styl…>…</div> from <div data-region="eu" data-nosnippet="true" class="ch…>…</div> subtree intercepts pointer events
- retrying click action, attempt #17
-   waiting 500ms
-   waiting for element to be visible, enabled and stable
-   element is visible, enabled and stable
-   scrolling into view if needed
-   done scrolling
-   <div class="ch2-container ch2-theme-default  ch2-styl…>…</div> from <div data-region="eu" data-nosnippet="true" class="ch…>…</div> subtree intercepts pointer events
- retrying click action, attempt #18
-   waiting 500ms
-   waiting for element to be visible, enabled and stable
-   element is visible, enabled and stable
-   scrolling into view if needed
-   done scrolling
-   <div class="ch2-container ch2-theme-default  ch2-styl…>…</div> from <div data-region="eu" data-nosnippet="true" class="ch…>…</div> subtree intercepts pointer events
- retrying click action, attempt #19
-   waiting 500ms
-   waiting for element to be visible, enabled and stable
-   element is visible, enabled and stable
-   scrolling into view if needed
-   done scrolling
-   <div class="ch2-container ch2-theme-default  ch2-styl…>…</div> from <div data-region="eu" data-nosnippet="true" class="ch…>…</div> subtree intercepts pointer events
- retrying click action, attempt #20
-   waiting 500ms
-   waiting for element to be visible, enabled and stable
-   element is visible, enabled and stable
-   scrolling into view if needed
-   done scrolling
-   <div class="ch2-container ch2-theme-default  ch2-styl…>…</div> from <div data-region="eu" data-nosnippet="true" class="ch…>…</div> subtree intercepts pointer events
- retrying click action, attempt #21
-   waiting 500ms
-   waiting for element to be visible, enabled and stable
-   element is visible, enabled and stable
-   scrolling into view if needed
-   done scrolling
-   <div class="ch2-container ch2-theme-default  ch2-styl…>…</div> from <div data-region="eu" data-nosnippet="true" class="ch…>…</div> subtree intercepts pointer events
- retrying click action, attempt #22
-   waiting 500ms
-   waiting for element to be visible, enabled and stable
-   element is visible, enabled and stable
-   scrolling into view if needed
-   done scrolling
-   <div class="ch2-container ch2-theme-default  ch2-styl…>…</div> from <div data-region="eu" data-nosnippet="true" class="ch…>…</div> subtree intercepts pointer events
- retrying click action, attempt #23
-   waiting 500ms
-   waiting for element to be visible, enabled and stable
-   element is visible, enabled and stable
-   scrolling into view if needed
-   done scrolling
-   <div class="ch2-container ch2-theme-default  ch2-styl…>…</div> from <div data-region="eu" data-nosnippet="true" class="ch…>…</div> subtree intercepts pointer events
- retrying click action, attempt #24
-   waiting 500ms
-   waiting for element to be visible, enabled and stable
-   element is visible, enabled and stable
-   scrolling into view if needed
-   done scrolling
-   <div class="ch2-container ch2-theme-default  ch2-styl…>…</div> from <div data-region="eu" data-nosnippet="true" class="ch…>…</div> subtree intercepts pointer events
- retrying click action, attempt #25
-   waiting 500ms
-   waiting for element to be visible, enabled and stable
-   element is visible, enabled and stable
-   scrolling into view if needed
-   done scrolling
-   <div class="ch2-container ch2-theme-default  ch2-styl…>…</div> from <div data-region="eu" data-nosnippet="true" class="ch…>…</div> subtree intercepts pointer events
- retrying click action, attempt #26
-   waiting 500ms
-   waiting for element to be visible, enabled and stable
-   element is visible, enabled and stable
-   scrolling into view if needed
-   done scrolling
-   <div class="ch2-container ch2-theme-default  ch2-styl…>…</div> from <div data-region="eu" data-nosnippet="true" class="ch…>…</div> subtree intercepts pointer events
- retrying click action, attempt #27
-   waiting 500ms
-   waiting for element to be visible, enabled and stable
-   element is visible, enabled and stable
-   scrolling into view if needed
-   done scrolling
-   <div class="ch2-container ch2-theme-default  ch2-styl…>…</div> from <div data-region="eu" data-nosnippet="true" class="ch…>…</div> subtree intercepts pointer events
- retrying click action, attempt #28
-   waiting 500ms
-   waiting for element to be visible, enabled and stable
-   element is visible, enabled and stable
-   scrolling into view if needed
-   done scrolling
-   <div class="ch2-container ch2-theme-default  ch2-styl…>…</div> from <div data-region="eu" data-nosnippet="true" class="ch…>…</div> subtree intercepts pointer events
- retrying click action, attempt #29
-   waiting 500ms
-   waiting for element to be visible, enabled and stable
-   element is visible, enabled and stable
-   scrolling into view if needed
-   done scrolling
-   <div class="ch2-container ch2-theme-default  ch2-styl…>…</div> from <div data-region="eu" data-nosnippet="true" class="ch…>…</div> subtree intercepts pointer events
- retrying click action, attempt #30
-   waiting 500ms
-   waiting for element to be visible, enabled and stable
-   element is visible, enabled and stable
-   scrolling into view if needed
-   done scrolling
-   <div class="ch2-container ch2-theme-default  ch2-styl…>…</div> from <div data-region="eu" data-nosnippet="true" class="ch…>…</div> subtree intercepts pointer events
- retrying click action, attempt #31
-   waiting 500ms
-   waiting for element to be visible, enabled and stable
-   element is visible, enabled and stable
-   scrolling into view if needed
-   done scrolling
-   <div class="ch2-container ch2-theme-default  ch2-styl…>…</div> from <div data-region="eu" data-nosnippet="true" class="ch…>…</div> subtree intercepts pointer events
- retrying click action, attempt #32
-   waiting 500ms
-   waiting for element to be visible, enabled and stable
-   element is visible, enabled and stable
-   scrolling into view if needed
-   done scrolling
-   <div class="ch2-container ch2-theme-default  ch2-styl…>…</div> from <div data-region="eu" data-nosnippet="true" class="ch…>…</div> subtree intercepts pointer events
- retrying click action, attempt #33
-   waiting 500ms
-   waiting for element to be visible, enabled and stable
-   element is visible, enabled and stable
-   scrolling into view if needed
-   done scrolling
-   <div class="ch2-container ch2-theme-default  ch2-styl…>…</div> from <div data-region="eu" data-nosnippet="true" class="ch…>…</div> subtree intercepts pointer events
- retrying click action, attempt #34
-   waiting 500ms
-   waiting for element to be visible, enabled and stable
-   element is visible, enabled and stable
-   scrolling into view if needed
-   done scrolling
-   <div class="ch2-container ch2-theme-default  ch2-styl…>…</div> from <div data-region="eu" data-nosnippet="true" class="ch…>…</div> subtree intercepts pointer events
- retrying click action, attempt #35
-   waiting 500ms
-   waiting for element to be visible, enabled and stable
-   element is visible, enabled and stable
-   scrolling into view if needed
-   done scrolling
-   <div class="ch2-container ch2-theme-default  ch2-styl…>…</div> from <div data-region="eu" data-nosnippet="true" class="ch…>…</div> subtree intercepts pointer events
- retrying click action, attempt #36
-   waiting 500ms
-   waiting for element to be visible, enabled and stable
-   element is visible, enabled and stable
-   scrolling into view if needed
-   done scrolling
-   <div class="ch2-container ch2-theme-default  ch2-styl…>…</div> from <div data-region="eu" data-nosnippet="true" class="ch…>…</div> subtree intercepts pointer events
- retrying click action, attempt #37
-   waiting 500ms
-   waiting for element to be visible, enabled and stable
-   element is visible, enabled and stable
-   scrolling into view if needed
-   done scrolling
-   <div class="ch2-container ch2-theme-default  ch2-styl…>…</div> from <div data-region="eu" data-nosnippet="true" class="ch…>…</div> subtree intercepts pointer events
- retrying click action, attempt #38
-   waiting 500ms
-   waiting for element to be visible, enabled and stable
-   element is visible, enabled and stable
-   scrolling into view if needed
-   done scrolling
-   <div class="ch2-container ch2-theme-default  ch2-styl…>…</div> from <div data-region="eu" data-nosnippet="true" class="ch…>…</div> subtree intercepts pointer events
- retrying click action, attempt #39
-   waiting 500ms
-   waiting for element to be visible, enabled and stable
-   element is visible, enabled and stable
-   scrolling into view if needed
-   done scrolling
-   <div class="ch2-container ch2-theme-default  ch2-styl…>…</div> from <div data-region="eu" data-nosnippet="true" class="ch…>…</div> subtree intercepts pointer events
- retrying click action, attempt #40
-   waiting 500ms
-   waiting for element to be visible, enabled and stable
-   element is visible, enabled and stable
-   scrolling into view if needed
-   done scrolling
-   <div class="ch2-container ch2-theme-default  ch2-styl…>…</div> from <div data-region="eu" data-nosnippet="true" class="ch…>…</div> subtree intercepts pointer events
- retrying click action, attempt #41
-   waiting 500ms
-   waiting for element to be visible, enabled and stable
-   element is visible, enabled and stable
-   scrolling into view if needed
-   done scrolling
-   <div class="ch2-container ch2-theme-default  ch2-styl…>…</div> from <div data-region="eu" data-nosnippet="true" class="ch…>…</div> subtree intercepts pointer events
- retrying click action, attempt #42
-   waiting 500ms
-   waiting for element to be visible, enabled and stable
-   element is visible, enabled and stable
-   scrolling into view if needed
-   done scrolling
-   <div class="ch2-container ch2-theme-default  ch2-styl…>…</div> from <div data-region="eu" data-nosnippet="true" class="ch…>…</div> subtree intercepts pointer events
- retrying click action, attempt #43
-   waiting 500ms
-   waiting for element to be visible, enabled and stable
-   element is visible, enabled and stable
-   scrolling into view if needed
-   done scrolling
-   <div class="ch2-container ch2-theme-default  ch2-styl…>…</div> from <div data-region="eu" data-nosnippet="true" class="ch…>…</div> subtree intercepts pointer events
- retrying click action, attempt #44
-   waiting 500ms
-   waiting for element to be visible, enabled and stable
-   element is visible, enabled and stable
-   scrolling into view if needed
-   done scrolling
-   <div class="ch2-container ch2-theme-default  ch2-styl…>…</div> from <div data-region="eu" data-nosnippet="true" class="ch…>…</div> subtree intercepts pointer events
- retrying click action, attempt #45
-   waiting 500ms
-   waiting for element to be visible, enabled and stable
-   element is visible, enabled and stable
-   scrolling into view if needed
-   done scrolling
-   <div class="ch2-container ch2-theme-default  ch2-styl…>…</div> from <div data-region="eu" data-nosnippet="true" class="ch…>…</div> subtree intercepts pointer events
- retrying click action, attempt #46
-   waiting 500ms
-   waiting for element to be visible, enabled and stable
-   element is visible, enabled and stable
-   scrolling into view if needed
-   done scrolling
-   <div class="ch2-container ch2-theme-default  ch2-styl…>…</div> from <div data-region="eu" data-nosnippet="true" class="ch…>…</div> subtree intercepts pointer events
- retrying click action, attempt #47
-   waiting 500ms
-   waiting for element to be visible, enabled and stable
-   element is visible, enabled and stable
-   scrolling into view if needed
-   done scrolling
-   <div class="ch2-container ch2-theme-default  ch2-styl…>…</div> from <div data-region="eu" data-nosnippet="true" class="ch…>…</div> subtree intercepts pointer events
- retrying click action, attempt #48
-   waiting 500ms
-   waiting for element to be visible, enabled and stable
-   element is visible, enabled and stable
-   scrolling into view if needed
-   done scrolling
-   <div class="ch2-container ch2-theme-default  ch2-styl…>…</div> from <div data-region="eu" data-nosnippet="true" class="ch…>…</div> subtree intercepts pointer events
- retrying click action, attempt #49
-   waiting 500ms
-   waiting for element to be visible, enabled and stable
-   element is visible, enabled and stable
-   scrolling into view if needed
-   done scrolling
-   <div class="ch2-container ch2-theme-default  ch2-styl…>…</div> from <div data-region="eu" data-nosnippet="true" class="ch…>…</div> subtree intercepts pointer events
- retrying click action, attempt #50
-   waiting 500ms
-   waiting for element to be visible, enabled and stable
-   element is visible, enabled and stable
-   scrolling into view if needed
-   done scrolling
-   <div class="ch2-container ch2-theme-default  ch2-styl…>…</div> from <div data-region="eu" data-nosnippet="true" class="ch…>…</div> subtree intercepts pointer events
- retrying click action, attempt #51
-   waiting 500ms
-   waiting for element to be visible, enabled and stable
-   element is visible, enabled and stable
-   scrolling into view if needed
-   done scrolling
-   <div class="ch2-container ch2-theme-default  ch2-styl…>…</div> from <div data-region="eu" data-nosnippet="true" class="ch…>…</div> subtree intercepts pointer events
- retrying click action, attempt #52
-   waiting 500ms
-   waiting for element to be visible, enabled and stable
-   element is visible, enabled and stable
-   scrolling into view if needed
-   done scrolling
-   <div class="ch2-container ch2-theme-default  ch2-styl…>…</div> from <div data-region="eu" data-nosnippet="true" class="ch…>…</div> subtree intercepts pointer events
- retrying click action, attempt #53
-   waiting 500ms
-   waiting for element to be visible, enabled and stable
-   element is visible, enabled and stable
-   scrolling into view if needed
-   done scrolling
-   <div class="ch2-container ch2-theme-default  ch2-styl…>…</div> from <div data-region="eu" data-nosnippet="true" class="ch…>…</div> subtree intercepts pointer events
- retrying click action, attempt #54
-   waiting 500ms
-   waiting for element to be visible, enabled and stable
-   element is visible, enabled and stable
-   scrolling into view if needed
-   done scrolling
-   <div class="ch2-container ch2-theme-default  ch2-styl…>…</div> from <div data-region="eu" data-nosnippet="true" class="ch…>…</div> subtree intercepts pointer events
- retrying click action, attempt #55
-   waiting 500ms
-   waiting for element to be visible, enabled and stable
-   element is visible, enabled and stable
-   scrolling into view if needed
-   done scrolling
-   <div class="ch2-container ch2-theme-default  ch2-styl…>…</div> from <div data-region="eu" data-nosnippet="true" class="ch…>…</div> subtree intercepts pointer events
- retrying click action, attempt #56
-   waiting 500ms
-   waiting for element to be visible, enabled and stable
-   element is visible, enabled and stable
-   scrolling into view if needed
-   done scrolling
-   <div class="ch2-container ch2-theme-default  ch2-styl…>…</div> from <div data-region="eu" data-nosnippet="true" class="ch…>…</div> subtree intercepts pointer events
- retrying click action, attempt #57
-   waiting 500ms
-   waiting for element to be visible, enabled and stable
-   element is visible, enabled and stable
-   scrolling into view if needed
-   done scrolling
-   <div class="ch2-container ch2-theme-default  ch2-styl…>…</div> from <div data-region="eu" data-nosnippet="true" class="ch…>…</div> subtree intercepts pointer events
- retrying click action, attempt #58
-   waiting 500ms
-   waiting for element to be visible, enabled and stable
-   element is visible, enabled and stable
-   scrolling into view if needed
-   done scrolling
-   <div class="ch2-container ch2-theme-default  ch2-styl…>…</div> from <div data-region="eu" data-nosnippet="true" class="ch…>…</div> subtree intercepts pointer events
- retrying click action, attempt #59
-   waiting 500ms
-   waiting for element to be visible, enabled and stable
-   element is visible, enabled and stable
-   scrolling into view if needed
-   done scrolling
-   <div class="ch2-container ch2-theme-default  ch2-styl…>…</div> from <div data-region="eu" data-nosnippet="true" class="ch…>…</div> subtree intercepts pointer events
- retrying click action, attempt #60
-   waiting 500ms

at com.microsoft.playwright.impl.Connection.dispatch(Connection.java:254)
at com.microsoft.playwright.impl.Connection.processOneMessage(Connection.java:211)
at com.microsoft.playwright.impl.ChannelOwner.runUntil(ChannelOwner.java:118)
... 38 more
]]>
    </error>
  </testcase> <!-- testDeleteUserFromUI -->
</testsuite> <!-- ui.SwaggerUITest -->
